c:\users\eli mccoy\desktop\research dr. k\project\dustin\viscanvas2.0_feature_integrated\opengl_on_a_windows_form\debug\viscanvas.pch
c:\users\eli mccoy\desktop\research dr. k\project\dustin\viscanvas2.0_feature_integrated\opengl_on_a_windows_form\debug\vc142.pdb
c:\users\eli mccoy\desktop\research dr. k\project\dustin\viscanvas2.0_feature_integrated\opengl_on_a_windows_form\debug\stdafx.obj
c:\users\eli mccoy\desktop\research dr. k\project\dustin\viscanvas2.0_feature_integrated\opengl_on_a_windows_form\debug\viscanvashelp.obj
c:\users\eli mccoy\desktop\research dr. k\project\dustin\viscanvas2.0_feature_integrated\opengl_on_a_windows_form\debug\viscanvas.obj
c:\users\eli mccoy\desktop\research dr. k\project\dustin\viscanvas2.0_feature_integrated\opengl_on_a_windows_form\debug\settings.obj
c:\users\eli mccoy\desktop\research dr. k\project\dustin\viscanvas2.0_feature_integrated\opengl_on_a_windows_form\debug\setcluster.obj
c:\users\eli mccoy\desktop\research dr. k\project\dustin\viscanvas2.0_feature_integrated\opengl_on_a_windows_form\debug\additionalsettings.obj
c:\users\eli mccoy\desktop\research dr. k\project\dustin\viscanvas2.0_feature_integrated\opengl_on_a_windows_form\debug\graphnote.obj
c:\users\eli mccoy\desktop\research dr. k\project\dustin\viscanvas2.0_feature_integrated\opengl_on_a_windows_form\debug\dimension.obj
c:\users\eli mccoy\desktop\research dr. k\project\dustin\viscanvas2.0_feature_integrated\opengl_on_a_windows_form\debug\dataset.obj
c:\users\eli mccoy\desktop\research dr. k\project\dustin\viscanvas2.0_feature_integrated\opengl_on_a_windows_form\debug\datanode.obj
c:\users\eli mccoy\desktop\research dr. k\project\dustin\viscanvas2.0_feature_integrated\opengl_on_a_windows_form\debug\datainterface.obj
c:\users\eli mccoy\desktop\research dr. k\project\dustin\viscanvas2.0_feature_integrated\opengl_on_a_windows_form\debug\dataclass.obj
c:\users\eli mccoy\desktop\research dr. k\project\dustin\viscanvas2.0_feature_integrated\opengl_on_a_windows_form\debug\colorcustom.obj
c:\users\eli mccoy\desktop\research dr. k\project\dustin\viscanvas2.0_feature_integrated\opengl_on_a_windows_form\debug\assemblyinfo.obj
c:\users\eli mccoy\desktop\research dr. k\project\dustin\viscanvas2.0_feature_integrated\opengl_on_a_windows_form\debug\scheme.obj
c:\users\eli mccoy\desktop\research dr. k\project\dustin\viscanvas2.0_feature_integrated\opengl_on_a_windows_form\debug\schemeeditor.obj
c:\users\eli mccoy\desktop\research dr. k\project\dustin\viscanvas2.0_feature_integrated\opengl_on_a_windows_form\debug\pch.obj
c:\users\eli mccoy\desktop\research dr. k\project\dustin\viscanvas2.0_feature_integrated\opengl_on_a_windows_form\debug\.netframework,version=v4.0.assemblyattributes.obj
c:\users\eli mccoy\desktop\research dr. k\project\dustin\viscanvas2.0_feature_integrated\debug\microsoft.visualbasic.dll
c:\users\eli mccoy\desktop\research dr. k\project\dustin\viscanvas2.0_feature_integrated\debug\system.data.dll
c:\users\eli mccoy\desktop\research dr. k\project\dustin\viscanvas2.0_feature_integrated\debug\system.dll
c:\users\eli mccoy\desktop\research dr. k\project\dustin\viscanvas2.0_feature_integrated\debug\system.drawing.dll
c:\users\eli mccoy\desktop\research dr. k\project\dustin\viscanvas2.0_feature_integrated\debug\system.runtime.serialization.formatters.soap.dll
c:\users\eli mccoy\desktop\research dr. k\project\dustin\viscanvas2.0_feature_integrated\debug\system.windows.forms.dll
c:\users\eli mccoy\desktop\research dr. k\project\dustin\viscanvas2.0_feature_integrated\debug\system.xml.dll
c:\users\eli mccoy\desktop\research dr. k\project\dustin\viscanvas2.0_feature_integrated\debug\uiautomationprovider.dll
c:\users\eli mccoy\desktop\research dr. k\project\dustin\viscanvas2.0_feature_integrated\debug\uiautomationtypes.dll
c:\users\eli mccoy\desktop\research dr. k\project\dustin\viscanvas2.0_feature_integrated\debug\viscanvas.exe
c:\users\eli mccoy\desktop\research dr. k\project\dustin\viscanvas2.0_feature_integrated\debug\viscanvas.pdb
c:\users\eli mccoy\desktop\research dr. k\project\dustin\viscanvas2.0_feature_integrated\opengl_on_a_windows_form\debug\viscanvas.schemeeditor.resources
c:\users\eli mccoy\desktop\research dr. k\project\dustin\viscanvas2.0_feature_integrated\opengl_on_a_windows_form\debug\viscanvas.additionalsettings.resources
c:\users\eli mccoy\desktop\research dr. k\project\dustin\viscanvas2.0_feature_integrated\opengl_on_a_windows_form\debug\viscanvas.settings.resources
c:\users\eli mccoy\desktop\research dr. k\project\dustin\viscanvas2.0_feature_integrated\opengl_on_a_windows_form\debug\viscanvas.viscanvas.resources
c:\users\eli mccoy\desktop\research dr. k\project\dustin\viscanvas2.0_feature_integrated\opengl_on_a_windows_form\debug\viscanvas.viscanvashelp.resources
c:\users\eli mccoy\desktop\research dr. k\project\dustin\viscanvas2.0_feature_integrated\opengl_on_a_windows_form\debug\viscanvas.tlog\cl.command.1.tlog
c:\users\eli mccoy\desktop\research dr. k\project\dustin\viscanvas2.0_feature_integrated\opengl_on_a_windows_form\debug\viscanvas.tlog\cl.read.1.tlog
c:\users\eli mccoy\desktop\research dr. k\project\dustin\viscanvas2.0_feature_integrated\opengl_on_a_windows_form\debug\viscanvas.tlog\cl.write.1.tlog
c:\users\eli mccoy\desktop\research dr. k\project\dustin\viscanvas2.0_feature_integrated\opengl_on_a_windows_form\debug\viscanvas.tlog\copylocal.read.1u.tlog
c:\users\eli mccoy\desktop\research dr. k\project\dustin\viscanvas2.0_feature_integrated\opengl_on_a_windows_form\debug\viscanvas.tlog\copylocal.write.1u.tlog
c:\users\eli mccoy\desktop\research dr. k\project\dustin\viscanvas2.0_feature_integrated\opengl_on_a_windows_form\debug\viscanvas.tlog\link.command.1.tlog
c:\users\eli mccoy\desktop\research dr. k\project\dustin\viscanvas2.0_feature_integrated\opengl_on_a_windows_form\debug\viscanvas.tlog\link.read.1.tlog
c:\users\eli mccoy\desktop\research dr. k\project\dustin\viscanvas2.0_feature_integrated\opengl_on_a_windows_form\debug\viscanvas.tlog\link.write.1.tlog
c:\users\eli mccoy\desktop\research dr. k\project\dustin\viscanvas2.0_feature_integrated\opengl_on_a_windows_form\debug\viscanvas.tlog\metagen.read.1.tlog
c:\users\eli mccoy\desktop\research dr. k\project\dustin\viscanvas2.0_feature_integrated\opengl_on_a_windows_form\debug\viscanvas.tlog\metagen.write.1.tlog
c:\users\eli mccoy\desktop\research dr. k\project\dustin\viscanvas2.0_feature_integrated\opengl_on_a_windows_form\debug\viscanvas.tlog\viscanvas.write.1u.tlog
