C:\Program Files (x86)\Microsoft Visual Studio\2019\Community\MSBuild\Current\Bin\Microsoft.Common.CurrentVersion.targets(2203,5): warning MSB3245: Could not resolve this reference. Could not locate the assembly "Microsoft.VisualBasic.PowerPacks.Vs". Check to make sure the assembly exists on disk. If this reference is required by your code, you may get compilation errors.
C:\Program Files (x86)\Microsoft Visual Studio\2019\Community\MSBuild\Current\Bin\Microsoft.Common.CurrentVersion.targets(2827,5): warning MSB3284: Cannot get the file path for type library "05bfd3f1-6319-4f30-b752-c7a22889bcc4" version 1.0. Library not registered. (Exception from HRESULT: 0x8002801D (TYPE_E_LIBNOTREGISTERED))
C:\Program Files (x86)\Microsoft Visual Studio\2019\Community\MSBuild\Current\Bin\Microsoft.Common.CurrentVersion.targets(2827,5): warning MSB3284: Cannot get the file path for type library "05bfd3f1-6319-4f30-b752-c7a22889bcc4" version 1.0. Library not registered. (Exception from HRESULT: 0x8002801D (TYPE_E_LIBNOTREGISTERED))
C:\Program Files (x86)\Microsoft Visual Studio\2019\Community\MSBuild\Microsoft\VC\v160\Microsoft.MetaGen.targets(91,5): warning : Required file "I:\WORK\ORIGINALELICROSSFOLDVALIDATION\VISCANVAS2.0\OPENGL_ON_A_WINDOWS_FORM\INTEROP\INTEROP.ACROPDFLIB.1.0.DLL" is missing.
C:\Program Files (x86)\Microsoft Visual Studio\2019\Community\MSBuild\Microsoft\VC\v160\Microsoft.MetaGen.targets(91,5): warning : Required file "I:\WORK\ORIGINALELICROSSFOLDVALIDATION\VISCANVAS2.0\OPENGL_ON_A_WINDOWS_FORM\INTEROP\AXINTEROP.ACROPDFLIB.1.0.DLL" is missing.
  stdafx.cpp
  AssemblyInfo.cpp
C:\Users\infer\Desktop\Github2\VisCanvas2.0\OpenGL_on_a_Windows_Form\AssemblyInfo.cpp(40,29): warning C4947: 'System::Security::Permissions::SecurityAction::RequestMinimum': marked as obsolete
C:\Users\infer\Desktop\Github2\VisCanvas2.0\OpenGL_on_a_Windows_Form\AssemblyInfo.cpp(40,29): message : Message: 'Assembly level declarative security is obsolete and is no longer enforced by the CLR by default. See http://go.microsoft.com/fwlink/?LinkID=155570 for more information.'
  ClassScheme.cpp
  ColorCustom.cpp
  CoordinateGroupGeneralizer.cpp
C:\Users\infer\Desktop\Github2\VisCanvas2.0\OpenGL_on_a_Windows_Form\CoordinateGroupGeneralizer.cpp(18,23): warning C4018: '<': signed/unsigned mismatch
C:\Users\infer\Desktop\Github2\VisCanvas2.0\OpenGL_on_a_Windows_Form\CoordinateGroupGeneralizer.cpp(37,20): warning C4018: '<': signed/unsigned mismatch
  CoordinateGroupingWindow.cpp
C:\Users\infer\Desktop\Github2\VisCanvas2.0\OpenGL_on_a_Windows_Form\CoordinateGroupingWindow.cpp(46,22): warning C4018: '<': signed/unsigned mismatch
C:\Users\infer\Desktop\Github2\VisCanvas2.0\OpenGL_on_a_Windows_Form\CoordinateGroupingWindow.cpp(65,20): warning C4018: '<': signed/unsigned mismatch
C:\Users\infer\Desktop\Github2\VisCanvas2.0\OpenGL_on_a_Windows_Form\CoordinateGroupingWindow.cpp(99,22): warning C4018: '<': signed/unsigned mismatch
C:\Users\infer\Desktop\Github2\VisCanvas2.0\OpenGL_on_a_Windows_Form\CoordinateGroupingWindow.cpp(121,19): warning C4018: '<': signed/unsigned mismatch
C:\Users\infer\Desktop\Github2\VisCanvas2.0\OpenGL_on_a_Windows_Form\CoordinateGroupingWindow.cpp(129,21): warning C4018: '<': signed/unsigned mismatch
  CoordinateGroupMaker.cpp
C:\Users\infer\Desktop\Github2\VisCanvas2.0\OpenGL_on_a_Windows_Form\CoordinateGroupMaker.cpp(31,20): warning C4018: '<': signed/unsigned mismatch
  DataClass.cpp
C:\Users\infer\Desktop\Github2\VisCanvas2.0\OpenGL_on_a_Windows_Form\DataClass.cpp(95,20): warning C4018: '<': signed/unsigned mismatch
C:\Users\infer\Desktop\Github2\VisCanvas2.0\OpenGL_on_a_Windows_Form\DataClass.cpp(105,20): warning C4018: '<': signed/unsigned mismatch
  DataInterface.cpp
C:\Users\infer\Desktop\Github2\VisCanvas2.0\OpenGL_on_a_Windows_Form\OpenGL.h(1329,23): warning C4018: '<': signed/unsigned mismatch
C:\Users\infer\Desktop\Github2\VisCanvas2.0\OpenGL_on_a_Windows_Form\OpenGL.h(1392,25): warning C4018: '<': signed/unsigned mismatch
C:\Users\infer\Desktop\Github2\VisCanvas2.0\OpenGL_on_a_Windows_Form\OpenGL.h(1454,25): warning C4018: '<': signed/unsigned mismatch
C:\Users\infer\Desktop\Github2\VisCanvas2.0\OpenGL_on_a_Windows_Form\OpenGL.h(1477,25): warning C4018: '<': signed/unsigned mismatch
C:\Users\infer\Desktop\Github2\VisCanvas2.0\OpenGL_on_a_Windows_Form\OpenGL.h(1603,24): warning C4018: '<': signed/unsigned mismatch
C:\Users\infer\Desktop\Github2\VisCanvas2.0\OpenGL_on_a_Windows_Form\OpenGL.h(1821,23): warning C4018: '<': signed/unsigned mismatch
C:\Users\infer\Desktop\Github2\VisCanvas2.0\OpenGL_on_a_Windows_Form\OpenGL.h(1831,1): warning C4305: 'argument': truncation from 'double' to 'GLfloat'
C:\Users\infer\Desktop\Github2\VisCanvas2.0\OpenGL_on_a_Windows_Form\OpenGL.h(1831,60): warning C4244: 'argument': conversion from 'double' to 'GLfloat', possible loss of data
C:\Users\infer\Desktop\Github2\VisCanvas2.0\OpenGL_on_a_Windows_Form\OpenGL.h(1831,43): warning C4244: 'argument': conversion from 'double' to 'GLfloat', possible loss of data
C:\Users\infer\Desktop\Github2\VisCanvas2.0\OpenGL_on_a_Windows_Form\OpenGL.h(1831,26): warning C4244: 'argument': conversion from 'double' to 'GLfloat', possible loss of data
C:\Users\infer\Desktop\Github2\VisCanvas2.0\OpenGL_on_a_Windows_Form\OpenGL.h(2104,25): warning C4018: '<': signed/unsigned mismatch
C:\Users\infer\Desktop\Github2\VisCanvas2.0\OpenGL_on_a_Windows_Form\OpenGL.h(2152,24): warning C4018: '<': signed/unsigned mismatch
C:\Users\infer\Desktop\Github2\VisCanvas2.0\OpenGL_on_a_Windows_Form\OpenGL.h(2171,22): warning C4018: '<': signed/unsigned mismatch
C:\Users\infer\Desktop\Github2\VisCanvas2.0\OpenGL_on_a_Windows_Form\OpenGL.h(2414,25): warning C4018: '<': signed/unsigned mismatch
C:\Users\infer\Desktop\Github2\VisCanvas2.0\OpenGL_on_a_Windows_Form\OpenGL.h(2423,25): warning C4018: '<': signed/unsigned mismatch
C:\Users\infer\Desktop\Github2\VisCanvas2.0\OpenGL_on_a_Windows_Form\OpenGL.h(2435,26): warning C4018: '<': signed/unsigned mismatch
C:\Users\infer\Desktop\Github2\VisCanvas2.0\OpenGL_on_a_Windows_Form\OpenGL.h(2446,14): warning C4018: '>=': signed/unsigned mismatch
C:\Users\infer\Desktop\Github2\VisCanvas2.0\OpenGL_on_a_Windows_Form\OpenGL.h(2592,25): warning C4018: '<': signed/unsigned mismatch
C:\Users\infer\Desktop\Github2\VisCanvas2.0\OpenGL_on_a_Windows_Form\OpenGL.h(2615,24): warning C4018: '<': signed/unsigned mismatch
C:\Users\infer\Desktop\Github2\VisCanvas2.0\OpenGL_on_a_Windows_Form\OpenGL.h(2624,19): warning C4244: 'argument': conversion from 'double' to 'GLfloat', possible loss of data
C:\Users\infer\Desktop\Github2\VisCanvas2.0\OpenGL_on_a_Windows_Form\OpenGL.h(2702,25): warning C4018: '<': signed/unsigned mismatch
C:\Users\infer\Desktop\Github2\VisCanvas2.0\OpenGL_on_a_Windows_Form\OpenGL.h(2725,24): warning C4018: '<': signed/unsigned mismatch
C:\Users\infer\Desktop\Github2\VisCanvas2.0\OpenGL_on_a_Windows_Form\OpenGL.h(2733,19): warning C4244: 'argument': conversion from 'double' to 'GLfloat', possible loss of data
C:\Users\infer\Desktop\Github2\VisCanvas2.0\OpenGL_on_a_Windows_Form\Settings.h(1806,24): warning C4018: '<': signed/unsigned mismatch
C:\Users\infer\Desktop\Github2\VisCanvas2.0\OpenGL_on_a_Windows_Form\Settings.h(1841,22): warning C4018: '<': signed/unsigned mismatch
C:\Users\infer\Desktop\Github2\VisCanvas2.0\OpenGL_on_a_Windows_Form\Settings.h(1880,22): warning C4018: '<': signed/unsigned mismatch
C:\Users\infer\Desktop\Github2\VisCanvas2.0\OpenGL_on_a_Windows_Form\Settings.h(2269,22): warning C4018: '<': signed/unsigned mismatch
C:\Users\infer\Desktop\Github2\VisCanvas2.0\OpenGL_on_a_Windows_Form\Subsets.h(232,22): warning C4018: '<': signed/unsigned mismatch
C:\Users\infer\Desktop\Github2\VisCanvas2.0\OpenGL_on_a_Windows_Form\Subsets.h(251,23): warning C4018: '<': signed/unsigned mismatch
C:\Users\infer\Desktop\Github2\VisCanvas2.0\OpenGL_on_a_Windows_Form\Subsets.h(281,23): warning C4018: '<': signed/unsigned mismatch
C:\Users\infer\Desktop\Github2\VisCanvas2.0\OpenGL_on_a_Windows_Form\Subsets.h(296,23): warning C4018: '<': signed/unsigned mismatch
C:\Users\infer\Desktop\Github2\VisCanvas2.0\OpenGL_on_a_Windows_Form\NonMonotonicChoice.h(152,22): warning C4018: '<': signed/unsigned mismatch
C:\Users\infer\Desktop\Github2\VisCanvas2.0\OpenGL_on_a_Windows_Form\NonMonotonicChoice.h(200,21): warning C4018: '<': signed/unsigned mismatch
C:\Users\infer\Desktop\Github2\VisCanvas2.0\OpenGL_on_a_Windows_Form\VisCanvas.h(1796,22): warning C4018: '<': signed/unsigned mismatch
C:\Users\infer\Desktop\Github2\VisCanvas2.0\OpenGL_on_a_Windows_Form\VisCanvas.h(1846,22): warning C4018: '<': signed/unsigned mismatch
C:\Users\infer\Desktop\Github2\VisCanvas2.0\OpenGL_on_a_Windows_Form\VisCanvas.h(2714,21): warning C4018: '<': signed/unsigned mismatch
C:\Users\infer\Desktop\Github2\VisCanvas2.0\OpenGL_on_a_Windows_Form\VisCanvas.h(2726,23): warning C4018: '<': signed/unsigned mismatch
C:\Users\infer\Desktop\Github2\VisCanvas2.0\OpenGL_on_a_Windows_Form\VisCanvas.h(2756,24): warning C4018: '<': signed/unsigned mismatch
C:\Users\infer\Desktop\Github2\VisCanvas2.0\OpenGL_on_a_Windows_Form\VisCanvas.h(2761,11): warning C4804: '<': unsafe use of type 'bool' in operation
C:\Users\infer\Desktop\Github2\VisCanvas2.0\OpenGL_on_a_Windows_Form\VisCanvas.h(2765,16): warning C4804: '>': unsafe use of type 'bool' in operation
C:\Users\infer\Desktop\Github2\VisCanvas2.0\OpenGL_on_a_Windows_Form\VisCanvas.h(2779,25): warning C4018: '<': signed/unsigned mismatch
C:\Users\infer\Desktop\Github2\VisCanvas2.0\OpenGL_on_a_Windows_Form\VisCanvas.h(2812,24): warning C4018: '<': signed/unsigned mismatch
C:\Users\infer\Desktop\Github2\VisCanvas2.0\OpenGL_on_a_Windows_Form\DataInterface.cpp(284,20): warning C4018: '<': signed/unsigned mismatch
C:\Users\infer\Desktop\Github2\VisCanvas2.0\OpenGL_on_a_Windows_Form\DataInterface.cpp(291,20): warning C4018: '<': signed/unsigned mismatch
C:\Users\infer\Desktop\Github2\VisCanvas2.0\OpenGL_on_a_Windows_Form\DataInterface.cpp(303,20): warning C4018: '<': signed/unsigned mismatch
C:\Users\infer\Desktop\Github2\VisCanvas2.0\OpenGL_on_a_Windows_Form\DataInterface.cpp(311,20): warning C4018: '<': signed/unsigned mismatch
C:\Users\infer\Desktop\Github2\VisCanvas2.0\OpenGL_on_a_Windows_Form\DataInterface.cpp(383,20): warning C4018: '<': signed/unsigned mismatch
C:\Users\infer\Desktop\Github2\VisCanvas2.0\OpenGL_on_a_Windows_Form\DataInterface.cpp(466,21): warning C4018: '>=': signed/unsigned mismatch
C:\Users\infer\Desktop\Github2\VisCanvas2.0\OpenGL_on_a_Windows_Form\DataInterface.cpp(474,21): warning C4018: '>=': signed/unsigned mismatch
C:\Users\infer\Desktop\Github2\VisCanvas2.0\OpenGL_on_a_Windows_Form\DataInterface.cpp(482,21): warning C4018: '>=': signed/unsigned mismatch
C:\Users\infer\Desktop\Github2\VisCanvas2.0\OpenGL_on_a_Windows_Form\DataInterface.cpp(490,21): warning C4018: '>=': signed/unsigned mismatch
C:\Users\infer\Desktop\Github2\VisCanvas2.0\OpenGL_on_a_Windows_Form\DataInterface.cpp(498,21): warning C4018: '>=': signed/unsigned mismatch
C:\Users\infer\Desktop\Github2\VisCanvas2.0\OpenGL_on_a_Windows_Form\DataInterface.cpp(514,21): warning C4018: '>=': signed/unsigned mismatch
C:\Users\infer\Desktop\Github2\VisCanvas2.0\OpenGL_on_a_Windows_Form\DataInterface.cpp(521,21): warning C4018: '>=': signed/unsigned mismatch
C:\Users\infer\Desktop\Github2\VisCanvas2.0\OpenGL_on_a_Windows_Form\DataInterface.cpp(544,20): warning C4018: '<': signed/unsigned mismatch
C:\Users\infer\Desktop\Github2\VisCanvas2.0\OpenGL_on_a_Windows_Form\DataInterface.cpp(562,17): warning C4018: '>=': signed/unsigned mismatch
C:\Users\infer\Desktop\Github2\VisCanvas2.0\OpenGL_on_a_Windows_Form\DataInterface.cpp(571,25): warning C4018: '<=': signed/unsigned mismatch
C:\Users\infer\Desktop\Github2\VisCanvas2.0\OpenGL_on_a_Windows_Form\DataInterface.cpp(620,35): warning C4018: '>=': signed/unsigned mismatch
C:\Users\infer\Desktop\Github2\VisCanvas2.0\OpenGL_on_a_Windows_Form\DataInterface.cpp(630,35): warning C4018: '>=': signed/unsigned mismatch
C:\Users\infer\Desktop\Github2\VisCanvas2.0\OpenGL_on_a_Windows_Form\DataInterface.cpp(814,20): warning C4018: '<': signed/unsigned mismatch
C:\Users\infer\Desktop\Github2\VisCanvas2.0\OpenGL_on_a_Windows_Form\DataInterface.cpp(820,20): warning C4018: '<': signed/unsigned mismatch
C:\Users\infer\Desktop\Github2\VisCanvas2.0\OpenGL_on_a_Windows_Form\DataInterface.cpp(837,20): warning C4018: '<': signed/unsigned mismatch
C:\Users\infer\Desktop\Github2\VisCanvas2.0\OpenGL_on_a_Windows_Form\DataInterface.cpp(843,20): warning C4018: '<': signed/unsigned mismatch
C:\Users\infer\Desktop\Github2\VisCanvas2.0\OpenGL_on_a_Windows_Form\DataInterface.cpp(857,20): warning C4018: '<': signed/unsigned mismatch
C:\Users\infer\Desktop\Github2\VisCanvas2.0\OpenGL_on_a_Windows_Form\DataInterface.cpp(863,20): warning C4018: '<': signed/unsigned mismatch
C:\Users\infer\Desktop\Github2\VisCanvas2.0\OpenGL_on_a_Windows_Form\DataInterface.cpp(884,29): warning C4018: '<': signed/unsigned mismatch
C:\Users\infer\Desktop\Github2\VisCanvas2.0\OpenGL_on_a_Windows_Form\DataInterface.cpp(900,29): warning C4018: '<': signed/unsigned mismatch
C:\Users\infer\Desktop\Github2\VisCanvas2.0\OpenGL_on_a_Windows_Form\DataInterface.cpp(919,29): warning C4018: '<': signed/unsigned mismatch
C:\Users\infer\Desktop\Github2\VisCanvas2.0\OpenGL_on_a_Windows_Form\DataInterface.cpp(936,29): warning C4018: '<': signed/unsigned mismatch
C:\Users\infer\Desktop\Github2\VisCanvas2.0\OpenGL_on_a_Windows_Form\DataInterface.cpp(943,29): warning C4018: '<': signed/unsigned mismatch
C:\Users\infer\Desktop\Github2\VisCanvas2.0\OpenGL_on_a_Windows_Form\DataInterface.cpp(1093,20): warning C4018: '<': signed/unsigned mismatch
C:\Users\infer\Desktop\Github2\VisCanvas2.0\OpenGL_on_a_Windows_Form\DataInterface.cpp(1160,20): warning C4018: '<': signed/unsigned mismatch
C:\Users\infer\Desktop\Github2\VisCanvas2.0\OpenGL_on_a_Windows_Form\DataInterface.cpp(1272,30): warning C4018: '>=': signed/unsigned mismatch
C:\Users\infer\Desktop\Github2\VisCanvas2.0\OpenGL_on_a_Windows_Form\DataInterface.cpp(1605,20): warning C4018: '<': signed/unsigned mismatch
C:\Users\infer\Desktop\Github2\VisCanvas2.0\OpenGL_on_a_Windows_Form\DataInterface.cpp(1624,20): warning C4018: '<': signed/unsigned mismatch
C:\Users\infer\Desktop\Github2\VisCanvas2.0\OpenGL_on_a_Windows_Form\DataInterface.cpp(1628,21): warning C4018: '<': signed/unsigned mismatch
C:\Users\infer\Desktop\Github2\VisCanvas2.0\OpenGL_on_a_Windows_Form\DataInterface.cpp(1640,20): warning C4018: '<': signed/unsigned mismatch
C:\Users\infer\Desktop\Github2\VisCanvas2.0\OpenGL_on_a_Windows_Form\DataInterface.cpp(1680,29): warning C4018: '<': signed/unsigned mismatch
C:\Users\infer\Desktop\Github2\VisCanvas2.0\OpenGL_on_a_Windows_Form\DataInterface.cpp(1715,29): warning C4018: '<': signed/unsigned mismatch
C:\Users\infer\Desktop\Github2\VisCanvas2.0\OpenGL_on_a_Windows_Form\DataInterface.cpp(1745,22): warning C4018: '<': signed/unsigned mismatch
C:\Users\infer\Desktop\Github2\VisCanvas2.0\OpenGL_on_a_Windows_Form\DataInterface.cpp(1756,28): warning C4018: '<': signed/unsigned mismatch
C:\Users\infer\Desktop\Github2\VisCanvas2.0\OpenGL_on_a_Windows_Form\DataInterface.cpp(1794,20): warning C4018: '<': signed/unsigned mismatch
C:\Users\infer\Desktop\Github2\VisCanvas2.0\OpenGL_on_a_Windows_Form\DataInterface.cpp(1808,14): warning C4018: '<': signed/unsigned mismatch
C:\Users\infer\Desktop\Github2\VisCanvas2.0\OpenGL_on_a_Windows_Form\DataInterface.cpp(1830,14): warning C4018: '<': signed/unsigned mismatch
C:\Users\infer\Desktop\Github2\VisCanvas2.0\OpenGL_on_a_Windows_Form\DataInterface.cpp(1852,14): warning C4018: '<': signed/unsigned mismatch
C:\Users\infer\Desktop\Github2\VisCanvas2.0\OpenGL_on_a_Windows_Form\DataInterface.cpp(1869,20): warning C4018: '<': signed/unsigned mismatch
C:\Users\infer\Desktop\Github2\VisCanvas2.0\OpenGL_on_a_Windows_Form\DataInterface.cpp(1885,20): warning C4018: '<': signed/unsigned mismatch
C:\Users\infer\Desktop\Github2\VisCanvas2.0\OpenGL_on_a_Windows_Form\DataInterface.cpp(1901,21): warning C4018: '<': signed/unsigned mismatch
C:\Users\infer\Desktop\Github2\VisCanvas2.0\OpenGL_on_a_Windows_Form\DataInterface.cpp(2008,21): warning C4018: '<': signed/unsigned mismatch
C:\Users\infer\Desktop\Github2\VisCanvas2.0\OpenGL_on_a_Windows_Form\DataInterface.cpp(2053,22): warning C4018: '<': signed/unsigned mismatch
C:\Users\infer\Desktop\Github2\VisCanvas2.0\OpenGL_on_a_Windows_Form\DataInterface.cpp(2071,23): warning C4018: '<': signed/unsigned mismatch
C:\Users\infer\Desktop\Github2\VisCanvas2.0\OpenGL_on_a_Windows_Form\DataInterface.cpp(2118,21): warning C4018: '<': signed/unsigned mismatch
C:\Users\infer\Desktop\Github2\VisCanvas2.0\OpenGL_on_a_Windows_Form\DataInterface.cpp(2185,22): warning C4018: '<': signed/unsigned mismatch
C:\Users\infer\Desktop\Github2\VisCanvas2.0\OpenGL_on_a_Windows_Form\DataInterface.cpp(2215,21): warning C4018: '<': signed/unsigned mismatch
C:\Users\infer\Desktop\Github2\VisCanvas2.0\OpenGL_on_a_Windows_Form\DataInterface.cpp(2263,22): warning C4018: '<': signed/unsigned mismatch
C:\Users\infer\Desktop\Github2\VisCanvas2.0\OpenGL_on_a_Windows_Form\DataInterface.cpp(2287,20): warning C4018: '<': signed/unsigned mismatch
C:\Users\infer\Desktop\Github2\VisCanvas2.0\OpenGL_on_a_Windows_Form\DataInterface.cpp(2298,21): warning C4018: '<': signed/unsigned mismatch
C:\Users\infer\Desktop\Github2\VisCanvas2.0\OpenGL_on_a_Windows_Form\DataInterface.cpp(2300,22): warning C4018: '<': signed/unsigned mismatch
C:\Users\infer\Desktop\Github2\VisCanvas2.0\OpenGL_on_a_Windows_Form\DataInterface.cpp(2318,20): warning C4018: '<': signed/unsigned mismatch
C:\Users\infer\Desktop\Github2\VisCanvas2.0\OpenGL_on_a_Windows_Form\DataInterface.cpp(2329,20): warning C4018: '<': signed/unsigned mismatch
C:\Users\infer\Desktop\Github2\VisCanvas2.0\OpenGL_on_a_Windows_Form\DataInterface.cpp(2339,20): warning C4018: '<': signed/unsigned mismatch
C:\Users\infer\Desktop\Github2\VisCanvas2.0\OpenGL_on_a_Windows_Form\DataInterface.cpp(2389,22): warning C4018: '<': signed/unsigned mismatch
C:\Users\infer\Desktop\Github2\VisCanvas2.0\OpenGL_on_a_Windows_Form\DataInterface.cpp(2404,24): warning C4018: '<': signed/unsigned mismatch
C:\Users\infer\Desktop\Github2\VisCanvas2.0\OpenGL_on_a_Windows_Form\DataInterface.cpp(2416,22): warning C4018: '<': signed/unsigned mismatch
C:\Users\infer\Desktop\Github2\VisCanvas2.0\OpenGL_on_a_Windows_Form\DataInterface.cpp(2431,24): warning C4018: '<': signed/unsigned mismatch
C:\Users\infer\Desktop\Github2\VisCanvas2.0\OpenGL_on_a_Windows_Form\DataInterface.cpp(2448,21): warning C4018: '<': signed/unsigned mismatch
C:\Users\infer\Desktop\Github2\VisCanvas2.0\OpenGL_on_a_Windows_Form\DataInterface.cpp(2464,23): warning C4018: '<': signed/unsigned mismatch
C:\Users\infer\Desktop\Github2\VisCanvas2.0\OpenGL_on_a_Windows_Form\DataInterface.cpp(2476,21): warning C4018: '<': signed/unsigned mismatch
C:\Users\infer\Desktop\Github2\VisCanvas2.0\OpenGL_on_a_Windows_Form\DataInterface.cpp(2491,23): warning C4018: '<': signed/unsigned mismatch
C:\Users\infer\Desktop\Github2\VisCanvas2.0\OpenGL_on_a_Windows_Form\DataInterface.cpp(2508,21): warning C4018: '<': signed/unsigned mismatch
C:\Users\infer\Desktop\Github2\VisCanvas2.0\OpenGL_on_a_Windows_Form\DataInterface.cpp(2514,22): warning C4018: '<': signed/unsigned mismatch
C:\Users\infer\Desktop\Github2\VisCanvas2.0\OpenGL_on_a_Windows_Form\DataInterface.cpp(2516,23): warning C4018: '<': signed/unsigned mismatch
C:\Users\infer\Desktop\Github2\VisCanvas2.0\OpenGL_on_a_Windows_Form\DataInterface.cpp(2543,23): warning C4018: '<': signed/unsigned mismatch
C:\Users\infer\Desktop\Github2\VisCanvas2.0\OpenGL_on_a_Windows_Form\DataInterface.cpp(2555,21): warning C4018: '<': signed/unsigned mismatch
C:\Users\infer\Desktop\Github2\VisCanvas2.0\OpenGL_on_a_Windows_Form\DataInterface.cpp(2561,22): warning C4018: '<': signed/unsigned mismatch
C:\Users\infer\Desktop\Github2\VisCanvas2.0\OpenGL_on_a_Windows_Form\DataInterface.cpp(2563,23): warning C4018: '<': signed/unsigned mismatch
C:\Users\infer\Desktop\Github2\VisCanvas2.0\OpenGL_on_a_Windows_Form\DataInterface.cpp(2591,23): warning C4018: '<': signed/unsigned mismatch
C:\Users\infer\Desktop\Github2\VisCanvas2.0\OpenGL_on_a_Windows_Form\DataInterface.cpp(2608,21): warning C4018: '<': signed/unsigned mismatch
C:\Users\infer\Desktop\Github2\VisCanvas2.0\OpenGL_on_a_Windows_Form\DataInterface.cpp(2635,23): warning C4018: '<': signed/unsigned mismatch
C:\Users\infer\Desktop\Github2\VisCanvas2.0\OpenGL_on_a_Windows_Form\DataInterface.cpp(2647,21): warning C4018: '<': signed/unsigned mismatch
C:\Users\infer\Desktop\Github2\VisCanvas2.0\OpenGL_on_a_Windows_Form\DataInterface.cpp(2662,23): warning C4018: '<': signed/unsigned mismatch
C:\Users\infer\Desktop\Github2\VisCanvas2.0\OpenGL_on_a_Windows_Form\DataInterface.cpp(2681,20): warning C4018: '<': signed/unsigned mismatch
C:\Users\infer\Desktop\Github2\VisCanvas2.0\OpenGL_on_a_Windows_Form\DataInterface.cpp(2688,21): warning C4018: '<': signed/unsigned mismatch
C:\Users\infer\Desktop\Github2\VisCanvas2.0\OpenGL_on_a_Windows_Form\DataInterface.cpp(2714,22): warning C4018: '<': signed/unsigned mismatch
C:\Users\infer\Desktop\Github2\VisCanvas2.0\OpenGL_on_a_Windows_Form\DataInterface.cpp(2727,23): warning C4018: '<': signed/unsigned mismatch
C:\Users\infer\Desktop\Github2\VisCanvas2.0\OpenGL_on_a_Windows_Form\DataInterface.cpp(2757,20): warning C4018: '<': signed/unsigned mismatch
C:\Users\infer\Desktop\Github2\VisCanvas2.0\OpenGL_on_a_Windows_Form\DataInterface.cpp(2764,21): warning C4018: '<': signed/unsigned mismatch
C:\Users\infer\Desktop\Github2\VisCanvas2.0\OpenGL_on_a_Windows_Form\DataInterface.cpp(2790,22): warning C4018: '<': signed/unsigned mismatch
C:\Users\infer\Desktop\Github2\VisCanvas2.0\OpenGL_on_a_Windows_Form\DataInterface.cpp(2803,23): warning C4018: '<': signed/unsigned mismatch
C:\Users\infer\Desktop\Github2\VisCanvas2.0\OpenGL_on_a_Windows_Form\DataInterface.cpp(2892,21): warning C4018: '<': signed/unsigned mismatch
C:\Users\infer\Desktop\Github2\VisCanvas2.0\OpenGL_on_a_Windows_Form\DataInterface.cpp(2906,23): warning C4018: '<': signed/unsigned mismatch
C:\Users\infer\Desktop\Github2\VisCanvas2.0\OpenGL_on_a_Windows_Form\DataInterface.cpp(2917,20): warning C4018: '<': signed/unsigned mismatch
C:\Users\infer\Desktop\Github2\VisCanvas2.0\OpenGL_on_a_Windows_Form\DataInterface.cpp(2927,20): warning C4018: '<': signed/unsigned mismatch
C:\Users\infer\Desktop\Github2\VisCanvas2.0\OpenGL_on_a_Windows_Form\DataInterface.cpp(2929,21): warning C4018: '<': signed/unsigned mismatch
C:\Users\infer\Desktop\Github2\VisCanvas2.0\OpenGL_on_a_Windows_Form\DataInterface.cpp(3025,20): warning C4018: '<': signed/unsigned mismatch
C:\Users\infer\Desktop\Github2\VisCanvas2.0\OpenGL_on_a_Windows_Form\DataInterface.cpp(3039,40): warning C4018: '<': signed/unsigned mismatch
C:\Users\infer\Desktop\Github2\VisCanvas2.0\OpenGL_on_a_Windows_Form\DataInterface.cpp(3049,40): warning C4018: '<': signed/unsigned mismatch
C:\Users\infer\Desktop\Github2\VisCanvas2.0\OpenGL_on_a_Windows_Form\DataInterface.cpp(3087,20): warning C4018: '<': signed/unsigned mismatch
C:\Users\infer\Desktop\Github2\VisCanvas2.0\OpenGL_on_a_Windows_Form\DataInterface.cpp(3100,21): warning C4018: '<': signed/unsigned mismatch
C:\Users\infer\Desktop\Github2\VisCanvas2.0\OpenGL_on_a_Windows_Form\DataInterface.cpp(3112,20): warning C4018: '<': signed/unsigned mismatch
C:\Users\infer\Desktop\Github2\VisCanvas2.0\OpenGL_on_a_Windows_Form\DataInterface.cpp(3121,48): warning C4018: '<': signed/unsigned mismatch
C:\Users\infer\Desktop\Github2\VisCanvas2.0\OpenGL_on_a_Windows_Form\DataInterface.cpp(3158,26): warning C4018: '>=': signed/unsigned mismatch
C:\Users\infer\Desktop\Github2\VisCanvas2.0\OpenGL_on_a_Windows_Form\DataInterface.cpp(3255,20): warning C4018: '<': signed/unsigned mismatch
C:\Users\infer\Desktop\Github2\VisCanvas2.0\OpenGL_on_a_Windows_Form\DataInterface.cpp(3257,21): warning C4018: '<': signed/unsigned mismatch
C:\Users\infer\Desktop\Github2\VisCanvas2.0\OpenGL_on_a_Windows_Form\DataInterface.cpp(3434,20): warning C4018: '<': signed/unsigned mismatch
C:\Users\infer\Desktop\Github2\VisCanvas2.0\OpenGL_on_a_Windows_Form\DataInterface.cpp(3446,20): warning C4018: '<': signed/unsigned mismatch
C:\Users\infer\Desktop\Github2\VisCanvas2.0\OpenGL_on_a_Windows_Form\DataInterface.cpp(3481,20): warning C4018: '<': signed/unsigned mismatch
C:\Users\infer\Desktop\Github2\VisCanvas2.0\OpenGL_on_a_Windows_Form\DataInterface.cpp(3495,20): warning C4018: '<': signed/unsigned mismatch
C:\Users\infer\Desktop\Github2\VisCanvas2.0\OpenGL_on_a_Windows_Form\DataInterface.cpp(3534,20): warning C4018: '<': signed/unsigned mismatch
C:\Users\infer\Desktop\Github2\VisCanvas2.0\OpenGL_on_a_Windows_Form\DataInterface.cpp(3542,21): warning C4018: '<': signed/unsigned mismatch
C:\Users\infer\Desktop\Github2\VisCanvas2.0\OpenGL_on_a_Windows_Form\DataInterface.cpp(3552,22): warning C4018: '<': signed/unsigned mismatch
C:\Users\infer\Desktop\Github2\VisCanvas2.0\OpenGL_on_a_Windows_Form\DataInterface.cpp(3666,23): warning C4018: '<': signed/unsigned mismatch
C:\Users\infer\Desktop\Github2\VisCanvas2.0\OpenGL_on_a_Windows_Form\DataInterface.cpp(3740,24): warning C4018: '<': signed/unsigned mismatch
C:\Users\infer\Desktop\Github2\VisCanvas2.0\OpenGL_on_a_Windows_Form\DataInterface.cpp(4016,21): warning C4018: '<': signed/unsigned mismatch
C:\Users\infer\Desktop\Github2\VisCanvas2.0\OpenGL_on_a_Windows_Form\DataInterface.cpp(4030,20): warning C4018: '<': signed/unsigned mismatch
C:\Users\infer\Desktop\Github2\VisCanvas2.0\OpenGL_on_a_Windows_Form\DataInterface.cpp(4040,20): warning C4018: '<': signed/unsigned mismatch
  DataNode.cpp
  DataSet.cpp
  Dimension.cpp
C:\Users\infer\Desktop\Github2\VisCanvas2.0\OpenGL_on_a_Windows_Form\Dimension.cpp(41,20): warning C4018: '<': signed/unsigned mismatch
C:\Users\infer\Desktop\Github2\VisCanvas2.0\OpenGL_on_a_Windows_Form\Dimension.cpp(118,21): warning C4018: '<': signed/unsigned mismatch
  DNSRule.cpp
  DomNominalSet.cpp
C:\Users\infer\Desktop\Github2\VisCanvas2.0\OpenGL_on_a_Windows_Form\DomNominalSet.cpp(129,22): warning C4018: '<': signed/unsigned mismatch
C:\Users\infer\Desktop\Github2\VisCanvas2.0\OpenGL_on_a_Windows_Form\DomNominalSet.cpp(150,22): warning C4018: '<': signed/unsigned mismatch
C:\Users\infer\Desktop\Github2\VisCanvas2.0\OpenGL_on_a_Windows_Form\DomNominalSet.cpp(193,22): warning C4018: '<': signed/unsigned mismatch
C:\Users\infer\Desktop\Github2\VisCanvas2.0\OpenGL_on_a_Windows_Form\DomNominalSet.cpp(292,65): warning C4244: 'argument': conversion from 'double' to 'const unsigned int', possible loss of data
C:\Users\infer\Desktop\Github2\VisCanvas2.0\OpenGL_on_a_Windows_Form\DomNominalSet.cpp(342,22): warning C4018: '<': signed/unsigned mismatch
C:\Users\infer\Desktop\Github2\VisCanvas2.0\OpenGL_on_a_Windows_Form\DomNominalSet.cpp(386,21): warning C4018: '<': signed/unsigned mismatch
C:\Users\infer\Desktop\Github2\VisCanvas2.0\OpenGL_on_a_Windows_Form\DomNominalSet.cpp(510,21): warning C4018: '<': signed/unsigned mismatch
C:\Users\infer\Desktop\Github2\VisCanvas2.0\OpenGL_on_a_Windows_Form\DomNominalSet.cpp(521,22): warning C4018: '<': signed/unsigned mismatch
C:\Users\infer\Desktop\Github2\VisCanvas2.0\OpenGL_on_a_Windows_Form\DomNominalSet.cpp(543,20): warning C4018: '<': signed/unsigned mismatch
C:\Users\infer\Desktop\Github2\VisCanvas2.0\OpenGL_on_a_Windows_Form\DomNominalSet.cpp(567,21): warning C4018: '<': signed/unsigned mismatch
C:\Users\infer\Desktop\Github2\VisCanvas2.0\OpenGL_on_a_Windows_Form\DomNominalSet.cpp(651,22): warning C4018: '<': signed/unsigned mismatch
C:\Users\infer\Desktop\Github2\VisCanvas2.0\OpenGL_on_a_Windows_Form\DomNominalSet.cpp(664,22): warning C4018: '<': signed/unsigned mismatch
C:\Users\infer\Desktop\Github2\VisCanvas2.0\OpenGL_on_a_Windows_Form\DomNominalSet.cpp(682,23): warning C4018: '<': signed/unsigned mismatch
C:\Users\infer\Desktop\Github2\VisCanvas2.0\OpenGL_on_a_Windows_Form\DomNominalSet.cpp(696,23): warning C4018: '<': signed/unsigned mismatch
C:\Users\infer\Desktop\Github2\VisCanvas2.0\OpenGL_on_a_Windows_Form\DomNominalSet.cpp(711,23): warning C4018: '<': signed/unsigned mismatch
C:\Users\infer\Desktop\Github2\VisCanvas2.0\OpenGL_on_a_Windows_Form\DomNominalSet.cpp(725,23): warning C4018: '<': signed/unsigned mismatch
C:\Users\infer\Desktop\Github2\VisCanvas2.0\OpenGL_on_a_Windows_Form\DomNominalSet.cpp(739,22): warning C4018: '<': signed/unsigned mismatch
C:\Users\infer\Desktop\Github2\VisCanvas2.0\OpenGL_on_a_Windows_Form\DomNominalSet.cpp(754,24): warning C4244: 'argument': conversion from 'double' to '_Ty', possible loss of data
          with
          [
              _Ty=int
          ]
C:\Users\infer\Desktop\Github2\VisCanvas2.0\OpenGL_on_a_Windows_Form\DomNominalSet.cpp(755,25): warning C4244: 'argument': conversion from 'double' to '_Ty', possible loss of data
          with
          [
              _Ty=int
          ]
C:\Users\infer\Desktop\Github2\VisCanvas2.0\OpenGL_on_a_Windows_Form\DomNominalSet.cpp(856,29): warning C4244: 'initializing': conversion from 'double' to 'int', possible loss of data
C:\Users\infer\Desktop\Github2\VisCanvas2.0\OpenGL_on_a_Windows_Form\DomNominalSet.cpp(870,22): warning C4018: '<': signed/unsigned mismatch
C:\Users\infer\Desktop\Github2\VisCanvas2.0\OpenGL_on_a_Windows_Form\DomNominalSet.cpp(882,23): warning C4018: '<': signed/unsigned mismatch
C:\Users\infer\Desktop\Github2\VisCanvas2.0\OpenGL_on_a_Windows_Form\DomNominalSet.cpp(904,69): warning C4244: 'argument': conversion from 'double' to 'int', possible loss of data
C:\Users\infer\Desktop\Github2\VisCanvas2.0\OpenGL_on_a_Windows_Form\DomNominalSet.cpp(945,42): warning C4244: '=': conversion from 'double' to 'int', possible loss of data
C:\Users\infer\Desktop\Github2\VisCanvas2.0\OpenGL_on_a_Windows_Form\DomNominalSet.cpp(1271,21): warning C4018: '<': signed/unsigned mismatch
C:\Users\infer\Desktop\Github2\VisCanvas2.0\OpenGL_on_a_Windows_Form\DomNominalSet.cpp(1273,17): warning C4244: 'initializing': conversion from '_Ty' to 'int', possible loss of data
          with
          [
              _Ty=double
          ]
C:\Users\infer\Desktop\Github2\VisCanvas2.0\OpenGL_on_a_Windows_Form\DomNominalSet.cpp(1291,23): warning C4018: '<': signed/unsigned mismatch
C:\Users\infer\Desktop\Github2\VisCanvas2.0\OpenGL_on_a_Windows_Form\DomNominalSet.cpp(1310,35): warning C4244: '+=': conversion from '_Ty' to 'int', possible loss of data
          with
          [
              _Ty=double
          ]
C:\Users\infer\Desktop\Github2\VisCanvas2.0\OpenGL_on_a_Windows_Form\DomNominalSet.cpp(1316,16): warning C4244: 'argument': conversion from 'double' to 'GLfloat', possible loss of data
C:\Users\infer\Desktop\Github2\VisCanvas2.0\OpenGL_on_a_Windows_Form\DomNominalSet.cpp(1490,20): warning C4018: '<': signed/unsigned mismatch
C:\Users\infer\Desktop\Github2\VisCanvas2.0\OpenGL_on_a_Windows_Form\DomNominalSet.cpp(1492,35): warning C4805: '==': unsafe mix of type '_Ty' and type 'bool' in operation
          with
          [
              _Ty=boolean
          ]
C:\Users\infer\Desktop\Github2\VisCanvas2.0\OpenGL_on_a_Windows_Form\DomNominalSet.cpp(1621,22): warning C4018: '<': signed/unsigned mismatch
C:\Users\infer\Desktop\Github2\VisCanvas2.0\OpenGL_on_a_Windows_Form\DomNominalSet.cpp(1690,24): warning C4018: '<': signed/unsigned mismatch
C:\Users\infer\Desktop\Github2\VisCanvas2.0\OpenGL_on_a_Windows_Form\DomNominalSet.cpp(1774,21): warning C4018: '<': signed/unsigned mismatch
C:\Users\infer\Desktop\Github2\VisCanvas2.0\OpenGL_on_a_Windows_Form\DomNominalSet.cpp(1787,22): warning C4018: '<': signed/unsigned mismatch
C:\Users\infer\Desktop\Github2\VisCanvas2.0\OpenGL_on_a_Windows_Form\DomNominalSet.cpp(1811,22): warning C4018: '<': signed/unsigned mismatch
C:\Users\infer\Desktop\Github2\VisCanvas2.0\OpenGL_on_a_Windows_Form\DomNominalSet.cpp(1831,17): warning C4244: '=': conversion from 'double' to 'int', possible loss of data
C:\Users\infer\Desktop\Github2\VisCanvas2.0\OpenGL_on_a_Windows_Form\DomNominalSet.cpp(1843,70): warning C4244: 'argument': conversion from 'double' to 'int', possible loss of data
C:\Users\infer\Desktop\Github2\VisCanvas2.0\OpenGL_on_a_Windows_Form\DomNominalSet.cpp(2101,22): warning C4018: '<': signed/unsigned mismatch
C:\Users\infer\Desktop\Github2\VisCanvas2.0\OpenGL_on_a_Windows_Form\DomNominalSet.cpp(2124,21): warning C4018: '<': signed/unsigned mismatch
C:\Users\infer\Desktop\Github2\VisCanvas2.0\OpenGL_on_a_Windows_Form\DomNominalSet.cpp(2129,17): warning C4244: 'initializing': conversion from '_Ty' to 'int', possible loss of data
          with
          [
              _Ty=double
          ]
C:\Users\infer\Desktop\Github2\VisCanvas2.0\OpenGL_on_a_Windows_Form\DomNominalSet.cpp(2136,16): warning C4244: 'argument': conversion from 'double' to 'GLfloat', possible loss of data
C:\Users\infer\Desktop\Github2\VisCanvas2.0\OpenGL_on_a_Windows_Form\DomNominalSet.cpp(2290,27): warning C4018: '<': signed/unsigned mismatch
C:\Users\infer\Desktop\Github2\VisCanvas2.0\OpenGL_on_a_Windows_Form\DomNominalSet.cpp(2300,27): warning C4018: '<': signed/unsigned mismatch
C:\Users\infer\Desktop\Github2\VisCanvas2.0\OpenGL_on_a_Windows_Form\DomNominalSet.cpp(2405,27): warning C4018: '<': signed/unsigned mismatch
C:\Users\infer\Desktop\Github2\VisCanvas2.0\OpenGL_on_a_Windows_Form\DomNominalSet.cpp(2416,27): warning C4018: '<': signed/unsigned mismatch
C:\Users\infer\Desktop\Github2\VisCanvas2.0\OpenGL_on_a_Windows_Form\DomNominalSet.cpp(2508,51): warning C4244: '+=': conversion from 'double' to 'int', possible loss of data
C:\Users\infer\Desktop\Github2\VisCanvas2.0\OpenGL_on_a_Windows_Form\DomNominalSet.cpp(2509,54): warning C4244: '+=': conversion from 'double' to 'int', possible loss of data
C:\Users\infer\Desktop\Github2\VisCanvas2.0\OpenGL_on_a_Windows_Form\DomNominalSet.cpp(2510,41): warning C4244: '+=': conversion from 'double' to 'int', possible loss of data
C:\Users\infer\Desktop\Github2\VisCanvas2.0\OpenGL_on_a_Windows_Form\DomNominalSet.cpp(2512,27): warning C4018: '<': signed/unsigned mismatch
C:\Users\infer\Desktop\Github2\VisCanvas2.0\OpenGL_on_a_Windows_Form\DomNominalSet.cpp(2527,27): warning C4018: '<': signed/unsigned mismatch
C:\Users\infer\Desktop\Github2\VisCanvas2.0\OpenGL_on_a_Windows_Form\DomNominalSet.cpp(2539,27): warning C4018: '<': signed/unsigned mismatch
C:\Users\infer\Desktop\Github2\VisCanvas2.0\OpenGL_on_a_Windows_Form\DomNominalSet.cpp(2554,28): warning C4018: '<': signed/unsigned mismatch
C:\Users\infer\Desktop\Github2\VisCanvas2.0\OpenGL_on_a_Windows_Form\DomNominalSet.cpp(2566,28): warning C4018: '<': signed/unsigned mismatch
C:\Users\infer\Desktop\Github2\VisCanvas2.0\OpenGL_on_a_Windows_Form\DomNominalSet.cpp(2580,28): warning C4018: '<': signed/unsigned mismatch
C:\Users\infer\Desktop\Github2\VisCanvas2.0\OpenGL_on_a_Windows_Form\DomNominalSet.cpp(2592,28): warning C4018: '<': signed/unsigned mismatch
C:\Users\infer\Desktop\Github2\VisCanvas2.0\OpenGL_on_a_Windows_Form\DomNominalSet.cpp(2793,33): warning C4018: '<': signed/unsigned mismatch
C:\Users\infer\Desktop\Github2\VisCanvas2.0\OpenGL_on_a_Windows_Form\DomNominalSet.cpp(2904,28): warning C4018: '<': signed/unsigned mismatch
C:\Users\infer\Desktop\Github2\VisCanvas2.0\OpenGL_on_a_Windows_Form\DomNominalSet.cpp(2923,28): warning C4018: '<': signed/unsigned mismatch
C:\Users\infer\Desktop\Github2\VisCanvas2.0\OpenGL_on_a_Windows_Form\DomNominalSet.cpp(2998,29): warning C4018: '<': signed/unsigned mismatch
C:\Users\infer\Desktop\Github2\VisCanvas2.0\OpenGL_on_a_Windows_Form\DomNominalSet.cpp(3006,29): warning C4018: '<': signed/unsigned mismatch
C:\Users\infer\Desktop\Github2\VisCanvas2.0\OpenGL_on_a_Windows_Form\DomNominalSet.cpp(3034,26): warning C4018: '<': signed/unsigned mismatch
C:\Users\infer\Desktop\Github2\VisCanvas2.0\OpenGL_on_a_Windows_Form\DomNominalSet.cpp(3090,29): warning C4018: '<': signed/unsigned mismatch
C:\Users\infer\Desktop\Github2\VisCanvas2.0\OpenGL_on_a_Windows_Form\DomNominalSet.cpp(3109,29): warning C4018: '<': signed/unsigned mismatch
C:\Users\infer\Desktop\Github2\VisCanvas2.0\OpenGL_on_a_Windows_Form\DomNominalSet.cpp(3184,30): warning C4018: '<': signed/unsigned mismatch
C:\Users\infer\Desktop\Github2\VisCanvas2.0\OpenGL_on_a_Windows_Form\DomNominalSet.cpp(3192,30): warning C4018: '<': signed/unsigned mismatch
C:\Users\infer\Desktop\Github2\VisCanvas2.0\OpenGL_on_a_Windows_Form\DomNominalSet.cpp(3269,28): warning C4018: '<': signed/unsigned mismatch
C:\Users\infer\Desktop\Github2\VisCanvas2.0\OpenGL_on_a_Windows_Form\DomNominalSet.cpp(3288,28): warning C4018: '<': signed/unsigned mismatch
C:\Users\infer\Desktop\Github2\VisCanvas2.0\OpenGL_on_a_Windows_Form\DomNominalSet.cpp(3342,29): warning C4018: '<': signed/unsigned mismatch
C:\Users\infer\Desktop\Github2\VisCanvas2.0\OpenGL_on_a_Windows_Form\DomNominalSet.cpp(3371,29): warning C4018: '<': signed/unsigned mismatch
C:\Users\infer\Desktop\Github2\VisCanvas2.0\OpenGL_on_a_Windows_Form\DomNominalSet.cpp(3379,29): warning C4018: '<': signed/unsigned mismatch
C:\Users\infer\Desktop\Github2\VisCanvas2.0\OpenGL_on_a_Windows_Form\DomNominalSet.cpp(3440,28): warning C4018: '<': signed/unsigned mismatch
C:\Users\infer\Desktop\Github2\VisCanvas2.0\OpenGL_on_a_Windows_Form\DomNominalSet.cpp(3458,28): warning C4018: '<': signed/unsigned mismatch
C:\Users\infer\Desktop\Github2\VisCanvas2.0\OpenGL_on_a_Windows_Form\DomNominalSet.cpp(3527,28): warning C4018: '<': signed/unsigned mismatch
C:\Users\infer\Desktop\Github2\VisCanvas2.0\OpenGL_on_a_Windows_Form\DomNominalSet.cpp(3535,28): warning C4018: '<': signed/unsigned mismatch
C:\Users\infer\Desktop\Github2\VisCanvas2.0\OpenGL_on_a_Windows_Form\DomNominalSet.cpp(3575,22): warning C4018: '<': signed/unsigned mismatch
C:\Users\infer\Desktop\Github2\VisCanvas2.0\OpenGL_on_a_Windows_Form\DomNominalSet.cpp(3735,20): warning C4018: '<': signed/unsigned mismatch
C:\Users\infer\Desktop\Github2\VisCanvas2.0\OpenGL_on_a_Windows_Form\DomNominalSet.cpp(3740,22): warning C4018: '<': signed/unsigned mismatch
C:\Users\infer\Desktop\Github2\VisCanvas2.0\OpenGL_on_a_Windows_Form\DomNominalSet.cpp(3765,21): warning C4018: '<': signed/unsigned mismatch
C:\Users\infer\Desktop\Github2\VisCanvas2.0\OpenGL_on_a_Windows_Form\DomNominalSet.cpp(3771,22): warning C4018: '<': signed/unsigned mismatch
C:\Users\infer\Desktop\Github2\VisCanvas2.0\OpenGL_on_a_Windows_Form\DomNominalSet.cpp(3778,24): warning C4018: '<': signed/unsigned mismatch
C:\Users\infer\Desktop\Github2\VisCanvas2.0\OpenGL_on_a_Windows_Form\DomNominalSet.cpp(3811,21): warning C4018: '<': signed/unsigned mismatch
C:\Users\infer\Desktop\Github2\VisCanvas2.0\OpenGL_on_a_Windows_Form\DomNominalSet.cpp(3823,26): warning C4018: '<': signed/unsigned mismatch
C:\Users\infer\Desktop\Github2\VisCanvas2.0\OpenGL_on_a_Windows_Form\DomNominalSet.cpp(3853,22): warning C4018: '<': signed/unsigned mismatch
C:\Users\infer\Desktop\Github2\VisCanvas2.0\OpenGL_on_a_Windows_Form\DomNominalSet.cpp(3863,22): warning C4018: '<': signed/unsigned mismatch
C:\Users\infer\Desktop\Github2\VisCanvas2.0\OpenGL_on_a_Windows_Form\DomNominalSet.cpp(3866,23): warning C4018: '<': signed/unsigned mismatch
C:\Users\infer\Desktop\Github2\VisCanvas2.0\OpenGL_on_a_Windows_Form\DomNominalSet.cpp(3902,23): warning C4018: '<': signed/unsigned mismatch
C:\Users\infer\Desktop\Github2\VisCanvas2.0\OpenGL_on_a_Windows_Form\DomNominalSet.cpp(3909,25): warning C4018: '<': signed/unsigned mismatch
C:\Users\infer\Desktop\Github2\VisCanvas2.0\OpenGL_on_a_Windows_Form\DomNominalSet.cpp(3927,23): warning C4018: '<': signed/unsigned mismatch
C:\Users\infer\Desktop\Github2\VisCanvas2.0\OpenGL_on_a_Windows_Form\DomNominalSet.cpp(3930,24): warning C4018: '<': signed/unsigned mismatch
C:\Users\infer\Desktop\Github2\VisCanvas2.0\OpenGL_on_a_Windows_Form\DomNominalSet.cpp(3950,23): warning C4018: '<': signed/unsigned mismatch
C:\Users\infer\Desktop\Github2\VisCanvas2.0\OpenGL_on_a_Windows_Form\DomNominalSet.cpp(3953,24): warning C4018: '<': signed/unsigned mismatch
C:\Users\infer\Desktop\Github2\VisCanvas2.0\OpenGL_on_a_Windows_Form\DomNominalSet.cpp(3973,23): warning C4018: '<': signed/unsigned mismatch
C:\Users\infer\Desktop\Github2\VisCanvas2.0\OpenGL_on_a_Windows_Form\DomNominalSet.cpp(3977,24): warning C4018: '<': signed/unsigned mismatch
C:\Users\infer\Desktop\Github2\VisCanvas2.0\OpenGL_on_a_Windows_Form\DomNominalSet.cpp(4020,20): warning C4018: '<': signed/unsigned mismatch
C:\Users\infer\Desktop\Github2\VisCanvas2.0\OpenGL_on_a_Windows_Form\DomNominalSet.cpp(4025,21): warning C4018: '<': signed/unsigned mismatch
C:\Users\infer\Desktop\Github2\VisCanvas2.0\OpenGL_on_a_Windows_Form\DomNominalSet.cpp(4032,20): warning C4018: '<': signed/unsigned mismatch
C:\Users\infer\Desktop\Github2\VisCanvas2.0\OpenGL_on_a_Windows_Form\DomNominalSet.cpp(4045,22): warning C4018: '<': signed/unsigned mismatch
C:\Users\infer\Desktop\Github2\VisCanvas2.0\OpenGL_on_a_Windows_Form\DomNominalSet.cpp(4047,23): warning C4018: '<': signed/unsigned mismatch
C:\Users\infer\Desktop\Github2\VisCanvas2.0\OpenGL_on_a_Windows_Form\DomNominalSet.cpp(4064,23): warning C4018: '<': signed/unsigned mismatch
C:\Users\infer\Desktop\Github2\VisCanvas2.0\OpenGL_on_a_Windows_Form\DomNominalSet.cpp(4094,20): warning C4018: '<': signed/unsigned mismatch
C:\Users\infer\Desktop\Github2\VisCanvas2.0\OpenGL_on_a_Windows_Form\DomNominalSet.cpp(4100,20): warning C4018: '<': signed/unsigned mismatch
C:\Users\infer\Desktop\Github2\VisCanvas2.0\OpenGL_on_a_Windows_Form\DomNominalSet.cpp(4103,21): warning C4018: '<': signed/unsigned mismatch
C:\Users\infer\Desktop\Github2\VisCanvas2.0\OpenGL_on_a_Windows_Form\DomNominalSet.cpp(4121,20): warning C4018: '<': signed/unsigned mismatch
C:\Users\infer\Desktop\Github2\VisCanvas2.0\OpenGL_on_a_Windows_Form\DomNominalSet.cpp(4136,20): warning C4018: '<': signed/unsigned mismatch
C:\Users\infer\Desktop\Github2\VisCanvas2.0\OpenGL_on_a_Windows_Form\DomNominalSet.cpp(4157,20): warning C4018: '<': signed/unsigned mismatch
C:\Users\infer\Desktop\Github2\VisCanvas2.0\OpenGL_on_a_Windows_Form\DomNominalSet.cpp(4173,21): warning C4018: '<': signed/unsigned mismatch
C:\Users\infer\Desktop\Github2\VisCanvas2.0\OpenGL_on_a_Windows_Form\DomNominalSet.cpp(4204,20): warning C4018: '<': signed/unsigned mismatch
C:\Users\infer\Desktop\Github2\VisCanvas2.0\OpenGL_on_a_Windows_Form\DomNominalSet.cpp(4212,21): warning C4018: '<': signed/unsigned mismatch
C:\Users\infer\Desktop\Github2\VisCanvas2.0\OpenGL_on_a_Windows_Form\DomNominalSet.cpp(4216,22): warning C4018: '<': signed/unsigned mismatch
C:\Users\infer\Desktop\Github2\VisCanvas2.0\OpenGL_on_a_Windows_Form\DomNominalSet.cpp(4233,24): warning C4018: '<': signed/unsigned mismatch
C:\Users\infer\Desktop\Github2\VisCanvas2.0\OpenGL_on_a_Windows_Form\DomNominalSet.cpp(4265,19): warning C4018: '<': signed/unsigned mismatch
C:\Users\infer\Desktop\Github2\VisCanvas2.0\OpenGL_on_a_Windows_Form\DomNominalSet.cpp(4276,21): warning C4018: '<': signed/unsigned mismatch
C:\Users\infer\Desktop\Github2\VisCanvas2.0\OpenGL_on_a_Windows_Form\DomNominalSet.cpp(4291,22): warning C4018: '<': signed/unsigned mismatch
C:\Users\infer\Desktop\Github2\VisCanvas2.0\OpenGL_on_a_Windows_Form\DomNominalSet.cpp(4297,23): warning C4018: '<': signed/unsigned mismatch
C:\Users\infer\Desktop\Github2\VisCanvas2.0\OpenGL_on_a_Windows_Form\DomNominalSet.cpp(4308,23): warning C4018: '<': signed/unsigned mismatch
C:\Users\infer\Desktop\Github2\VisCanvas2.0\OpenGL_on_a_Windows_Form\DomNominalSet.cpp(4316,25): warning C4018: '<': signed/unsigned mismatch
C:\Users\infer\Desktop\Github2\VisCanvas2.0\OpenGL_on_a_Windows_Form\DomNominalSet.cpp(4357,23): warning C4018: '<': signed/unsigned mismatch
C:\Users\infer\Desktop\Github2\VisCanvas2.0\OpenGL_on_a_Windows_Form\DomNominalSet.cpp(4362,23): warning C4018: '<': signed/unsigned mismatch
C:\Users\infer\Desktop\Github2\VisCanvas2.0\OpenGL_on_a_Windows_Form\DomNominalSet.cpp(4372,23): warning C4018: '<': signed/unsigned mismatch
C:\Users\infer\Desktop\Github2\VisCanvas2.0\OpenGL_on_a_Windows_Form\DomNominalSet.cpp(4377,23): warning C4018: '<': signed/unsigned mismatch
C:\Users\infer\Desktop\Github2\VisCanvas2.0\OpenGL_on_a_Windows_Form\DomNominalSet.cpp(4385,23): warning C4018: '<': signed/unsigned mismatch
C:\Users\infer\Desktop\Github2\VisCanvas2.0\OpenGL_on_a_Windows_Form\DomNominalSet.cpp(4390,23): warning C4018: '<': signed/unsigned mismatch
C:\Users\infer\Desktop\Github2\VisCanvas2.0\OpenGL_on_a_Windows_Form\DomNominalSet.cpp(4400,23): warning C4018: '<': signed/unsigned mismatch
C:\Users\infer\Desktop\Github2\VisCanvas2.0\OpenGL_on_a_Windows_Form\DomNominalSet.cpp(4412,23): warning C4018: '<': signed/unsigned mismatch
C:\Users\infer\Desktop\Github2\VisCanvas2.0\OpenGL_on_a_Windows_Form\DomNominalSet.cpp(4427,24): warning C4018: '<': signed/unsigned mismatch
C:\Users\infer\Desktop\Github2\VisCanvas2.0\OpenGL_on_a_Windows_Form\DomNominalSet.cpp(4437,25): warning C4018: '<': signed/unsigned mismatch
C:\Users\infer\Desktop\Github2\VisCanvas2.0\OpenGL_on_a_Windows_Form\DomNominalSet.cpp(4450,26): warning C4018: '<': signed/unsigned mismatch
C:\Users\infer\Desktop\Github2\VisCanvas2.0\OpenGL_on_a_Windows_Form\DomNominalSet.cpp(4504,20): warning C4018: '<': signed/unsigned mismatch
C:\Users\infer\Desktop\Github2\VisCanvas2.0\OpenGL_on_a_Windows_Form\DomNominalSet.cpp(4718,20): warning C4018: '<': signed/unsigned mismatch
C:\Users\infer\Desktop\Github2\VisCanvas2.0\OpenGL_on_a_Windows_Form\DomNominalSet.cpp(4725,14): warning C4244: 'initializing': conversion from 'double' to 'int', possible loss of data
C:\Users\infer\Desktop\Github2\VisCanvas2.0\OpenGL_on_a_Windows_Form\DomNominalSet.cpp(4729,16): warning C4244: 'initializing': conversion from 'double' to 'int', possible loss of data
C:\Users\infer\Desktop\Github2\VisCanvas2.0\OpenGL_on_a_Windows_Form\DomNominalSet.cpp(4769,21): warning C4018: '<': signed/unsigned mismatch
C:\Users\infer\Desktop\Github2\VisCanvas2.0\OpenGL_on_a_Windows_Form\DomNominalSet.cpp(4781,22): warning C4018: '<': signed/unsigned mismatch
C:\Users\infer\Desktop\Github2\VisCanvas2.0\OpenGL_on_a_Windows_Form\DomNominalSet.cpp(5089,22): warning C4018: '<': signed/unsigned mismatch
C:\Users\infer\Desktop\Github2\VisCanvas2.0\OpenGL_on_a_Windows_Form\DomNominalSet.cpp(5102,22): warning C4018: '<': signed/unsigned mismatch
C:\Users\infer\Desktop\Github2\VisCanvas2.0\OpenGL_on_a_Windows_Form\DomNominalSet.cpp(5120,23): warning C4018: '<': signed/unsigned mismatch
C:\Users\infer\Desktop\Github2\VisCanvas2.0\OpenGL_on_a_Windows_Form\DomNominalSet.cpp(5134,23): warning C4018: '<': signed/unsigned mismatch
C:\Users\infer\Desktop\Github2\VisCanvas2.0\OpenGL_on_a_Windows_Form\DomNominalSet.cpp(5149,23): warning C4018: '<': signed/unsigned mismatch
C:\Users\infer\Desktop\Github2\VisCanvas2.0\OpenGL_on_a_Windows_Form\DomNominalSet.cpp(5163,23): warning C4018: '<': signed/unsigned mismatch
C:\Users\infer\Desktop\Github2\VisCanvas2.0\OpenGL_on_a_Windows_Form\DomNominalSet.cpp(5177,22): warning C4018: '<': signed/unsigned mismatch
C:\Users\infer\Desktop\Github2\VisCanvas2.0\OpenGL_on_a_Windows_Form\DomNominalSet.cpp(5192,24): warning C4244: 'argument': conversion from 'double' to '_Ty', possible loss of data
          with
          [
              _Ty=int
          ]
C:\Users\infer\Desktop\Github2\VisCanvas2.0\OpenGL_on_a_Windows_Form\DomNominalSet.cpp(5193,25): warning C4244: 'argument': conversion from 'double' to '_Ty', possible loss of data
          with
          [
              _Ty=int
          ]
C:\Users\infer\Desktop\Github2\VisCanvas2.0\OpenGL_on_a_Windows_Form\DomNominalSet.cpp(5205,21): warning C4018: '<': signed/unsigned mismatch
C:\Users\infer\Desktop\Github2\VisCanvas2.0\OpenGL_on_a_Windows_Form\DomNominalSet.cpp(5207,17): warning C4244: 'initializing': conversion from '_Ty' to 'int', possible loss of data
          with
          [
              _Ty=double
          ]
C:\Users\infer\Desktop\Github2\VisCanvas2.0\OpenGL_on_a_Windows_Form\DomNominalSet.cpp(5225,23): warning C4018: '<': signed/unsigned mismatch
C:\Users\infer\Desktop\Github2\VisCanvas2.0\OpenGL_on_a_Windows_Form\DomNominalSet.cpp(5244,35): warning C4244: '+=': conversion from '_Ty' to 'int', possible loss of data
          with
          [
              _Ty=double
          ]
C:\Users\infer\Desktop\Github2\VisCanvas2.0\OpenGL_on_a_Windows_Form\DomNominalSet.cpp(5249,16): warning C4244: 'argument': conversion from 'double' to 'GLfloat', possible loss of data
C:\Users\infer\Desktop\Github2\VisCanvas2.0\OpenGL_on_a_Windows_Form\DomNominalSet.cpp(5414,20): warning C4018: '<': signed/unsigned mismatch
C:\Users\infer\Desktop\Github2\VisCanvas2.0\OpenGL_on_a_Windows_Form\DomNominalSet.cpp(5416,35): warning C4805: '==': unsafe mix of type '_Ty' and type 'bool' in operation
          with
          [
              _Ty=boolean
          ]
C:\Users\infer\Desktop\Github2\VisCanvas2.0\OpenGL_on_a_Windows_Form\DomNominalSet.cpp(5464,22): warning C4018: '<': signed/unsigned mismatch
C:\Users\infer\Desktop\Github2\VisCanvas2.0\OpenGL_on_a_Windows_Form\DomNominalSet.cpp(5479,22): warning C4018: '<': signed/unsigned mismatch
C:\Users\infer\Desktop\Github2\VisCanvas2.0\OpenGL_on_a_Windows_Form\DomNominalSet.cpp(5512,24): warning C4018: '<': signed/unsigned mismatch
C:\Users\infer\Desktop\Github2\VisCanvas2.0\OpenGL_on_a_Windows_Form\DomNominalSet.cpp(5536,22): warning C4018: '<': signed/unsigned mismatch
C:\Users\infer\Desktop\Github2\VisCanvas2.0\OpenGL_on_a_Windows_Form\DomNominalSet.cpp(5543,23): warning C4018: '<': signed/unsigned mismatch
C:\Users\infer\Desktop\Github2\VisCanvas2.0\OpenGL_on_a_Windows_Form\DomNominalSet.cpp(5547,24): warning C4018: '<': signed/unsigned mismatch
C:\Users\infer\Desktop\Github2\VisCanvas2.0\OpenGL_on_a_Windows_Form\DomNominalSet.cpp(5568,26): warning C4018: '<': signed/unsigned mismatch
C:\Users\infer\Desktop\Github2\VisCanvas2.0\OpenGL_on_a_Windows_Form\DomNominalSet.cpp(5634,27): warning C4018: '<': signed/unsigned mismatch
C:\Users\infer\Desktop\Github2\VisCanvas2.0\OpenGL_on_a_Windows_Form\DomNominalSet.cpp(5649,27): warning C4018: '<': signed/unsigned mismatch
C:\Users\infer\Desktop\Github2\VisCanvas2.0\OpenGL_on_a_Windows_Form\DomNominalSet.cpp(5684,27): warning C4018: '<': signed/unsigned mismatch
C:\Users\infer\Desktop\Github2\VisCanvas2.0\OpenGL_on_a_Windows_Form\DomNominalSet.cpp(5688,28): warning C4018: '<': signed/unsigned mismatch
C:\Users\infer\Desktop\Github2\VisCanvas2.0\OpenGL_on_a_Windows_Form\DomNominalSet.cpp(5736,24): warning C4018: '<': signed/unsigned mismatch
C:\Users\infer\Desktop\Github2\VisCanvas2.0\OpenGL_on_a_Windows_Form\DomNominalSet.cpp(5777,25): warning C4018: '<': signed/unsigned mismatch
C:\Users\infer\Desktop\Github2\VisCanvas2.0\OpenGL_on_a_Windows_Form\DomNominalSet.cpp(5817,25): warning C4018: '<': signed/unsigned mismatch
C:\Users\infer\Desktop\Github2\VisCanvas2.0\OpenGL_on_a_Windows_Form\DomNominalSet.cpp(5821,26): warning C4018: '<': signed/unsigned mismatch
C:\Users\infer\Desktop\Github2\VisCanvas2.0\OpenGL_on_a_Windows_Form\DomNominalSet.cpp(5877,20): warning C4018: '<': signed/unsigned mismatch
C:\Users\infer\Desktop\Github2\VisCanvas2.0\OpenGL_on_a_Windows_Form\DomNominalSet.cpp(5890,22): warning C4018: '<': signed/unsigned mismatch
C:\Users\infer\Desktop\Github2\VisCanvas2.0\OpenGL_on_a_Windows_Form\DomNominalSet.cpp(5893,23): warning C4018: '<': signed/unsigned mismatch
C:\Users\infer\Desktop\Github2\VisCanvas2.0\OpenGL_on_a_Windows_Form\DomNominalSet.cpp(5924,20): warning C4018: '<': signed/unsigned mismatch
C:\Users\infer\Desktop\Github2\VisCanvas2.0\OpenGL_on_a_Windows_Form\DomNominalSet.cpp(5936,21): warning C4018: '<': signed/unsigned mismatch
C:\Users\infer\Desktop\Github2\VisCanvas2.0\OpenGL_on_a_Windows_Form\DomNominalSet.cpp(5940,22): warning C4018: '<': signed/unsigned mismatch
C:\Users\infer\Desktop\Github2\VisCanvas2.0\OpenGL_on_a_Windows_Form\DomNominalSet.cpp(5943,23): warning C4018: '<': signed/unsigned mismatch
C:\Users\infer\Desktop\Github2\VisCanvas2.0\OpenGL_on_a_Windows_Form\DomNominalSet.cpp(5961,21): warning C4018: '<': signed/unsigned mismatch
C:\Users\infer\Desktop\Github2\VisCanvas2.0\OpenGL_on_a_Windows_Form\DomNominalSet.cpp(5965,22): warning C4018: '<': signed/unsigned mismatch
C:\Users\infer\Desktop\Github2\VisCanvas2.0\OpenGL_on_a_Windows_Form\DomNominalSet.cpp(5968,23): warning C4018: '<': signed/unsigned mismatch
C:\Users\infer\Desktop\Github2\VisCanvas2.0\OpenGL_on_a_Windows_Form\DomNominalSet.cpp(6003,21): warning C4018: '<': signed/unsigned mismatch
C:\Users\infer\Desktop\Github2\VisCanvas2.0\OpenGL_on_a_Windows_Form\DomNominalSet.cpp(6016,21): warning C4018: '<': signed/unsigned mismatch
C:\Users\infer\Desktop\Github2\VisCanvas2.0\OpenGL_on_a_Windows_Form\DomNominalSet.cpp(6029,20): warning C4018: '<': signed/unsigned mismatch
C:\Users\infer\Desktop\Github2\VisCanvas2.0\OpenGL_on_a_Windows_Form\DomNominalSet.cpp(6066,20): warning C4018: '<': signed/unsigned mismatch
C:\Users\infer\Desktop\Github2\VisCanvas2.0\OpenGL_on_a_Windows_Form\DomNominalSet.cpp(6088,21): warning C4018: '<=': signed/unsigned mismatch
C:\Users\infer\Desktop\Github2\VisCanvas2.0\OpenGL_on_a_Windows_Form\DomNominalSet.cpp(6103,112): warning C4244: 'argument': conversion from 'double' to 'int', possible loss of data
C:\Users\infer\Desktop\Github2\VisCanvas2.0\OpenGL_on_a_Windows_Form\DomNominalSet.cpp(6107,22): warning C4018: '<': signed/unsigned mismatch
C:\Users\infer\Desktop\Github2\VisCanvas2.0\OpenGL_on_a_Windows_Form\DomNominalSet.cpp(6112,23): warning C4018: '<': signed/unsigned mismatch
C:\Users\infer\Desktop\Github2\VisCanvas2.0\OpenGL_on_a_Windows_Form\DomNominalSet.cpp(6115,24): warning C4018: '<': signed/unsigned mismatch
C:\Users\infer\Desktop\Github2\VisCanvas2.0\OpenGL_on_a_Windows_Form\DomNominalSet.cpp(6133,22): warning C4018: '<': signed/unsigned mismatch
C:\Users\infer\Desktop\Github2\VisCanvas2.0\OpenGL_on_a_Windows_Form\DomNominalSet.cpp(6138,23): warning C4018: '<': signed/unsigned mismatch
C:\Users\infer\Desktop\Github2\VisCanvas2.0\OpenGL_on_a_Windows_Form\DomNominalSet.cpp(6140,24): warning C4018: '<': signed/unsigned mismatch
C:\Users\infer\Desktop\Github2\VisCanvas2.0\OpenGL_on_a_Windows_Form\DomNominalSet.cpp(6160,22): warning C4018: '<': signed/unsigned mismatch
C:\Users\infer\Desktop\Github2\VisCanvas2.0\OpenGL_on_a_Windows_Form\DomNominalSet.cpp(6176,22): warning C4018: '<': signed/unsigned mismatch
C:\Users\infer\Desktop\Github2\VisCanvas2.0\OpenGL_on_a_Windows_Form\DomNominalSet.cpp(6181,23): warning C4018: '<': signed/unsigned mismatch
C:\Users\infer\Desktop\Github2\VisCanvas2.0\OpenGL_on_a_Windows_Form\DomNominalSet.cpp(6184,24): warning C4018: '<': signed/unsigned mismatch
C:\Users\infer\Desktop\Github2\VisCanvas2.0\OpenGL_on_a_Windows_Form\DomNominalSet.cpp(6209,21): warning C4018: '<': signed/unsigned mismatch
C:\Users\infer\Desktop\Github2\VisCanvas2.0\OpenGL_on_a_Windows_Form\DomNominalSet.cpp(6215,21): warning C4018: '<': signed/unsigned mismatch
C:\Users\infer\Desktop\Github2\VisCanvas2.0\OpenGL_on_a_Windows_Form\DomNominalSet.cpp(6218,22): warning C4018: '<': signed/unsigned mismatch
C:\Users\infer\Desktop\Github2\VisCanvas2.0\OpenGL_on_a_Windows_Form\DomNominalSet.cpp(6251,21): warning C4018: '<': signed/unsigned mismatch
C:\Users\infer\Desktop\Github2\VisCanvas2.0\OpenGL_on_a_Windows_Form\DomNominalSet.cpp(6265,21): warning C4018: '<': signed/unsigned mismatch
C:\Users\infer\Desktop\Github2\VisCanvas2.0\OpenGL_on_a_Windows_Form\DomNominalSet.cpp(6270,22): warning C4018: '<': signed/unsigned mismatch
C:\Users\infer\Desktop\Github2\VisCanvas2.0\OpenGL_on_a_Windows_Form\DomNominalSet.cpp(6280,21): warning C4018: '<': signed/unsigned mismatch
C:\Users\infer\Desktop\Github2\VisCanvas2.0\OpenGL_on_a_Windows_Form\DomNominalSet.cpp(6323,20): warning C4018: '<': signed/unsigned mismatch
C:\Users\infer\Desktop\Github2\VisCanvas2.0\OpenGL_on_a_Windows_Form\DomNominalSet.cpp(6366,20): warning C4018: '<': signed/unsigned mismatch
C:\Users\infer\Desktop\Github2\VisCanvas2.0\OpenGL_on_a_Windows_Form\DomNominalSet.cpp(6381,20): warning C4018: '<': signed/unsigned mismatch
C:\Users\infer\Desktop\Github2\VisCanvas2.0\OpenGL_on_a_Windows_Form\DomNominalSet.cpp(6407,19): warning C4018: '<': signed/unsigned mismatch
C:\Users\infer\Desktop\Github2\VisCanvas2.0\OpenGL_on_a_Windows_Form\DomNominalSet.cpp(6453,20): warning C4018: '<': signed/unsigned mismatch
C:\Users\infer\Desktop\Github2\VisCanvas2.0\OpenGL_on_a_Windows_Form\DomNominalSet.cpp(6476,21): warning C4018: '<': signed/unsigned mismatch
C:\Users\infer\Desktop\Github2\VisCanvas2.0\OpenGL_on_a_Windows_Form\DomNominalSet.cpp(6478,10): warning C4018: '>=': signed/unsigned mismatch
C:\Users\infer\Desktop\Github2\VisCanvas2.0\OpenGL_on_a_Windows_Form\DomNominalSet.cpp(6550,25): warning C4244: 'argument': conversion from 'time_t' to 'unsigned int', possible loss of data
C:\Users\infer\Desktop\Github2\VisCanvas2.0\OpenGL_on_a_Windows_Form\DomNominalSet.cpp(6574,21): warning C4018: '<': signed/unsigned mismatch
C:\Users\infer\Desktop\Github2\VisCanvas2.0\OpenGL_on_a_Windows_Form\DomNominalSet.cpp(6582,22): warning C4018: '<': signed/unsigned mismatch
C:\Users\infer\Desktop\Github2\VisCanvas2.0\OpenGL_on_a_Windows_Form\DomNominalSet.cpp(6600,22): warning C4018: '<': signed/unsigned mismatch
C:\Users\infer\Desktop\Github2\VisCanvas2.0\OpenGL_on_a_Windows_Form\DomNominalSet.cpp(6616,23): warning C4018: '<': signed/unsigned mismatch
C:\Users\infer\Desktop\Github2\VisCanvas2.0\OpenGL_on_a_Windows_Form\DomNominalSet.cpp(6626,32): warning C4018: '<': signed/unsigned mismatch
C:\Users\infer\Desktop\Github2\VisCanvas2.0\OpenGL_on_a_Windows_Form\DomNominalSet.cpp(6633,38): warning C4018: '<': signed/unsigned mismatch
C:\Users\infer\Desktop\Github2\VisCanvas2.0\OpenGL_on_a_Windows_Form\DomNominalSet.cpp(6637,25): warning C4018: '<': signed/unsigned mismatch
C:\Users\infer\Desktop\Github2\VisCanvas2.0\OpenGL_on_a_Windows_Form\DomNominalSet.cpp(6659,34): warning C4018: '<': signed/unsigned mismatch
C:\Users\infer\Desktop\Github2\VisCanvas2.0\OpenGL_on_a_Windows_Form\DomNominalSet.cpp(6669,34): warning C4018: '<': signed/unsigned mismatch
C:\Users\infer\Desktop\Github2\VisCanvas2.0\OpenGL_on_a_Windows_Form\DomNominalSet.cpp(6698,25): warning C4018: '<': signed/unsigned mismatch
C:\Users\infer\Desktop\Github2\VisCanvas2.0\OpenGL_on_a_Windows_Form\DomNominalSet.cpp(6717,26): warning C4018: '<': signed/unsigned mismatch
C:\Users\infer\Desktop\Github2\VisCanvas2.0\OpenGL_on_a_Windows_Form\DomNominalSet.cpp(6745,26): warning C4018: '<': signed/unsigned mismatch
C:\Users\infer\Desktop\Github2\VisCanvas2.0\OpenGL_on_a_Windows_Form\DomNominalSet.cpp(6767,22): warning C4018: '<': signed/unsigned mismatch
C:\Users\infer\Desktop\Github2\VisCanvas2.0\OpenGL_on_a_Windows_Form\DomNominalSet.cpp(6779,22): warning C4018: '<': signed/unsigned mismatch
C:\Users\infer\Desktop\Github2\VisCanvas2.0\OpenGL_on_a_Windows_Form\DomNominalSet.cpp(6811,22): warning C4018: '<': signed/unsigned mismatch
C:\Users\infer\Desktop\Github2\VisCanvas2.0\OpenGL_on_a_Windows_Form\DomNominalSet.cpp(6869,96): warning C4244: 'argument': conversion from 'double' to 'float', possible loss of data
C:\Users\infer\Desktop\Github2\VisCanvas2.0\OpenGL_on_a_Windows_Form\DomNominalSet.cpp(6869,37): warning C4244: 'argument': conversion from 'double' to 'float', possible loss of data
C:\Users\infer\Desktop\Github2\VisCanvas2.0\OpenGL_on_a_Windows_Form\DomNominalSet.cpp(6875,19): warning C4244: 'argument': conversion from 'GLdouble' to 'GLfloat', possible loss of data
C:\Users\infer\Desktop\Github2\VisCanvas2.0\OpenGL_on_a_Windows_Form\DomNominalSet.cpp(7006,27): warning C4244: '=': conversion from 'double' to 'float', possible loss of data
C:\Users\infer\Desktop\Github2\VisCanvas2.0\OpenGL_on_a_Windows_Form\DomNominalSet.cpp(7030,12): warning C4244: 'argument': conversion from 'time_t' to 'unsigned int', possible loss of data
C:\Users\infer\Desktop\Github2\VisCanvas2.0\OpenGL_on_a_Windows_Form\DomNominalSet.cpp(7046,23): warning C4018: '<': signed/unsigned mismatch
C:\Users\infer\Desktop\Github2\VisCanvas2.0\OpenGL_on_a_Windows_Form\DomNominalSet.cpp(7089,22): warning C4018: '<': signed/unsigned mismatch
C:\Users\infer\Desktop\Github2\VisCanvas2.0\OpenGL_on_a_Windows_Form\DomNominalSet.cpp(7094,23): warning C4018: '<': signed/unsigned mismatch
C:\Users\infer\Desktop\Github2\VisCanvas2.0\OpenGL_on_a_Windows_Form\DomNominalSet.cpp(7119,21): warning C4018: '<': signed/unsigned mismatch
C:\Users\infer\Desktop\Github2\VisCanvas2.0\OpenGL_on_a_Windows_Form\DomNominalSet.cpp(7137,21): warning C4018: '<': signed/unsigned mismatch
C:\Users\infer\Desktop\Github2\VisCanvas2.0\OpenGL_on_a_Windows_Form\DomNominalSet.cpp(7168,21): warning C4018: '<': signed/unsigned mismatch
C:\Users\infer\Desktop\Github2\VisCanvas2.0\OpenGL_on_a_Windows_Form\DomNominalSet.cpp(7173,21): warning C4018: '<': signed/unsigned mismatch
C:\Users\infer\Desktop\Github2\VisCanvas2.0\OpenGL_on_a_Windows_Form\DomNominalSet.cpp(7202,25): warning C4018: '<': signed/unsigned mismatch
C:\Users\infer\Desktop\Github2\VisCanvas2.0\OpenGL_on_a_Windows_Form\DomNominalSet.cpp(7225,23): warning C4018: '<': signed/unsigned mismatch
C:\Program Files (x86)\Microsoft Visual Studio\2019\Community\VC\Tools\MSVC\14.29.30133\include\utility(186,16): warning C4244: 'initializing': conversion from 'double' to '_Ty1', possible loss of data
          with
          [
              _Ty1=int
          ]
C:\Users\infer\Desktop\Github2\VisCanvas2.0\OpenGL_on_a_Windows_Form\DomNominalSet.cpp(3585): message : see reference to function template instantiation 'std::pair<const _Kty,_Ty>::pair<_Ty1&,std::string&,0>(_Other1,_Other2) noexcept(false)' being compiled
          with
          [
              _Kty=int,
              _Ty=std::string,
              _Ty1=double,
              _Other1=double &,
              _Other2=std::string &
          ]
C:\Users\infer\Desktop\Github2\VisCanvas2.0\OpenGL_on_a_Windows_Form\DomNominalSet.cpp(3585): message : see reference to function template instantiation 'std::pair<const _Kty,_Ty>::pair<_Ty1&,std::string&,0>(_Other1,_Other2) noexcept(false)' being compiled
          with
          [
              _Kty=int,
              _Ty=std::string,
              _Ty1=double,
              _Other1=double &,
              _Other2=std::string &
          ]
C:\Program Files (x86)\Microsoft Visual Studio\2019\Community\VC\Tools\MSVC\14.29.30133\include\utility(186,16): warning C4244: 'initializing': conversion from '_Ty' to '_Ty1', possible loss of data
          with
          [
              _Ty=double
          ]
          and
          [
              _Ty1=int
          ]
C:\Users\infer\Desktop\Github2\VisCanvas2.0\OpenGL_on_a_Windows_Form\DomNominalSet.cpp(3586): message : see reference to function template instantiation 'std::pair<const _Kty,_Ty>::pair<_Ty1,std::string&,0>(_Other1 &&,_Other2) noexcept(false)' being compiled
          with
          [
              _Kty=int,
              _Ty=std::string,
              _Ty1=double,
              _Other1=double,
              _Other2=std::string &
          ]
C:\Users\infer\Desktop\Github2\VisCanvas2.0\OpenGL_on_a_Windows_Form\DomNominalSet.cpp(3586): message : see reference to function template instantiation 'std::pair<const _Kty,_Ty>::pair<_Ty1,std::string&,0>(_Other1 &&,_Other2) noexcept(false)' being compiled
          with
          [
              _Kty=int,
              _Ty=std::string,
              _Ty1=double,
              _Other1=double,
              _Other2=std::string &
          ]
  DomNomSetsLinesBetweenCords.cpp
  GraphNote.cpp
  AdditionalSettings.cpp
C:\Users\infer\Desktop\Github2\VisCanvas2.0\OpenGL_on_a_Windows_Form\OpenGL.h(1329,23): warning C4018: '<': signed/unsigned mismatch
C:\Users\infer\Desktop\Github2\VisCanvas2.0\OpenGL_on_a_Windows_Form\OpenGL.h(1392,25): warning C4018: '<': signed/unsigned mismatch
C:\Users\infer\Desktop\Github2\VisCanvas2.0\OpenGL_on_a_Windows_Form\OpenGL.h(1454,25): warning C4018: '<': signed/unsigned mismatch
C:\Users\infer\Desktop\Github2\VisCanvas2.0\OpenGL_on_a_Windows_Form\OpenGL.h(1477,25): warning C4018: '<': signed/unsigned mismatch
C:\Users\infer\Desktop\Github2\VisCanvas2.0\OpenGL_on_a_Windows_Form\OpenGL.h(1603,24): warning C4018: '<': signed/unsigned mismatch
C:\Users\infer\Desktop\Github2\VisCanvas2.0\OpenGL_on_a_Windows_Form\OpenGL.h(1821,23): warning C4018: '<': signed/unsigned mismatch
C:\Users\infer\Desktop\Github2\VisCanvas2.0\OpenGL_on_a_Windows_Form\OpenGL.h(1831,1): warning C4305: 'argument': truncation from 'double' to 'GLfloat'
C:\Users\infer\Desktop\Github2\VisCanvas2.0\OpenGL_on_a_Windows_Form\OpenGL.h(1831,60): warning C4244: 'argument': conversion from 'double' to 'GLfloat', possible loss of data
C:\Users\infer\Desktop\Github2\VisCanvas2.0\OpenGL_on_a_Windows_Form\OpenGL.h(1831,43): warning C4244: 'argument': conversion from 'double' to 'GLfloat', possible loss of data
C:\Users\infer\Desktop\Github2\VisCanvas2.0\OpenGL_on_a_Windows_Form\OpenGL.h(1831,26): warning C4244: 'argument': conversion from 'double' to 'GLfloat', possible loss of data
C:\Users\infer\Desktop\Github2\VisCanvas2.0\OpenGL_on_a_Windows_Form\OpenGL.h(2104,25): warning C4018: '<': signed/unsigned mismatch
C:\Users\infer\Desktop\Github2\VisCanvas2.0\OpenGL_on_a_Windows_Form\OpenGL.h(2152,24): warning C4018: '<': signed/unsigned mismatch
C:\Users\infer\Desktop\Github2\VisCanvas2.0\OpenGL_on_a_Windows_Form\OpenGL.h(2171,22): warning C4018: '<': signed/unsigned mismatch
C:\Users\infer\Desktop\Github2\VisCanvas2.0\OpenGL_on_a_Windows_Form\OpenGL.h(2414,25): warning C4018: '<': signed/unsigned mismatch
C:\Users\infer\Desktop\Github2\VisCanvas2.0\OpenGL_on_a_Windows_Form\OpenGL.h(2423,25): warning C4018: '<': signed/unsigned mismatch
C:\Users\infer\Desktop\Github2\VisCanvas2.0\OpenGL_on_a_Windows_Form\OpenGL.h(2435,26): warning C4018: '<': signed/unsigned mismatch
C:\Users\infer\Desktop\Github2\VisCanvas2.0\OpenGL_on_a_Windows_Form\OpenGL.h(2446,14): warning C4018: '>=': signed/unsigned mismatch
C:\Users\infer\Desktop\Github2\VisCanvas2.0\OpenGL_on_a_Windows_Form\OpenGL.h(2592,25): warning C4018: '<': signed/unsigned mismatch
C:\Users\infer\Desktop\Github2\VisCanvas2.0\OpenGL_on_a_Windows_Form\OpenGL.h(2615,24): warning C4018: '<': signed/unsigned mismatch
C:\Users\infer\Desktop\Github2\VisCanvas2.0\OpenGL_on_a_Windows_Form\OpenGL.h(2624,19): warning C4244: 'argument': conversion from 'double' to 'GLfloat', possible loss of data
C:\Users\infer\Desktop\Github2\VisCanvas2.0\OpenGL_on_a_Windows_Form\OpenGL.h(2702,25): warning C4018: '<': signed/unsigned mismatch
C:\Users\infer\Desktop\Github2\VisCanvas2.0\OpenGL_on_a_Windows_Form\OpenGL.h(2725,24): warning C4018: '<': signed/unsigned mismatch
C:\Users\infer\Desktop\Github2\VisCanvas2.0\OpenGL_on_a_Windows_Form\OpenGL.h(2733,19): warning C4244: 'argument': conversion from 'double' to 'GLfloat', possible loss of data
  IntervalGrouping.cpp
C:\Users\infer\Desktop\Github2\VisCanvas2.0\OpenGL_on_a_Windows_Form\IntervalGrouping.cpp(31,20): warning C4018: '<': signed/unsigned mismatch
  IntervalGroupStarting.cpp
  MonotoneBooleanChains.cpp
C:\Users\infer\Desktop\Github2\VisCanvas2.0\OpenGL_on_a_Windows_Form\MonotoneBooleanChains.cpp(44,21): warning C4018: '<': signed/unsigned mismatch
C:\Users\infer\Desktop\Github2\VisCanvas2.0\OpenGL_on_a_Windows_Form\MonotoneBooleanChains.cpp(47,22): warning C4018: '<': signed/unsigned mismatch
C:\Users\infer\Desktop\Github2\VisCanvas2.0\OpenGL_on_a_Windows_Form\MonotoneBooleanChains.cpp(56,21): warning C4018: '<': signed/unsigned mismatch
C:\Users\infer\Desktop\Github2\VisCanvas2.0\OpenGL_on_a_Windows_Form\MonotoneBooleanChains.cpp(59,22): warning C4018: '<': signed/unsigned mismatch
C:\Users\infer\Desktop\Github2\VisCanvas2.0\OpenGL_on_a_Windows_Form\MonotoneBooleanChains.cpp(69,21): warning C4018: '<': signed/unsigned mismatch
C:\Users\infer\Desktop\Github2\VisCanvas2.0\OpenGL_on_a_Windows_Form\MonotoneBooleanChains.cpp(78,21): warning C4018: '<': signed/unsigned mismatch
C:\Users\infer\Desktop\Github2\VisCanvas2.0\OpenGL_on_a_Windows_Form\MonotoneBooleanChains.cpp(86,21): warning C4018: '<': signed/unsigned mismatch
C:\Users\infer\Desktop\Github2\VisCanvas2.0\OpenGL_on_a_Windows_Form\MonotoneBooleanChains.cpp(109,20): warning C4018: '<': signed/unsigned mismatch
C:\Users\infer\Desktop\Github2\VisCanvas2.0\OpenGL_on_a_Windows_Form\MonotoneBooleanChains.cpp(123,20): warning C4018: '<': signed/unsigned mismatch
C:\Users\infer\Desktop\Github2\VisCanvas2.0\OpenGL_on_a_Windows_Form\MonotoneBooleanChains.cpp(133,20): warning C4018: '<': signed/unsigned mismatch
C:\Users\infer\Desktop\Github2\VisCanvas2.0\OpenGL_on_a_Windows_Form\MonotoneBooleanChains.cpp(137,21): warning C4018: '<': signed/unsigned mismatch
C:\Users\infer\Desktop\Github2\VisCanvas2.0\OpenGL_on_a_Windows_Form\MonotoneBooleanChains.cpp(149,20): warning C4018: '<': signed/unsigned mismatch
C:\Users\infer\Desktop\Github2\VisCanvas2.0\OpenGL_on_a_Windows_Form\MonotoneBooleanChains.cpp(153,21): warning C4018: '<': signed/unsigned mismatch
C:\Users\infer\Desktop\Github2\VisCanvas2.0\OpenGL_on_a_Windows_Form\MonotoneBooleanChains.cpp(171,21): warning C4018: '<': signed/unsigned mismatch
C:\Users\infer\Desktop\Github2\VisCanvas2.0\OpenGL_on_a_Windows_Form\MonotoneBooleanChains.cpp(175,22): warning C4018: '<': signed/unsigned mismatch
C:\Users\infer\Desktop\Github2\VisCanvas2.0\OpenGL_on_a_Windows_Form\MonotoneBooleanChains.cpp(194,21): warning C4018: '<': signed/unsigned mismatch
C:\Users\infer\Desktop\Github2\VisCanvas2.0\OpenGL_on_a_Windows_Form\MonotoneBooleanChains.cpp(200,23): warning C4018: '<': signed/unsigned mismatch
C:\Users\infer\Desktop\Github2\VisCanvas2.0\OpenGL_on_a_Windows_Form\MonotoneBooleanChains.cpp(221,21): warning C4018: '<': signed/unsigned mismatch
C:\Users\infer\Desktop\Github2\VisCanvas2.0\OpenGL_on_a_Windows_Form\MonotoneBooleanChains.cpp(247,20): warning C4018: '<': signed/unsigned mismatch
C:\Users\infer\Desktop\Github2\VisCanvas2.0\OpenGL_on_a_Windows_Form\MonotoneBooleanChains.cpp(249,21): warning C4018: '<': signed/unsigned mismatch
C:\Users\infer\Desktop\Github2\VisCanvas2.0\OpenGL_on_a_Windows_Form\MonotoneBooleanChains.cpp(274,21): warning C4018: '<': signed/unsigned mismatch
C:\Users\infer\Desktop\Github2\VisCanvas2.0\OpenGL_on_a_Windows_Form\MonotoneBooleanChains.cpp(285,23): warning C4018: '<=': signed/unsigned mismatch
C:\Users\infer\Desktop\Github2\VisCanvas2.0\OpenGL_on_a_Windows_Form\MonotoneBooleanChains.cpp(302,21): warning C4018: '<': signed/unsigned mismatch
C:\Users\infer\Desktop\Github2\VisCanvas2.0\OpenGL_on_a_Windows_Form\MonotoneBooleanChains.cpp(335,21): warning C4018: '<': signed/unsigned mismatch
C:\Users\infer\Desktop\Github2\VisCanvas2.0\OpenGL_on_a_Windows_Form\MonotoneBooleanChains.cpp(346,23): warning C4018: '<=': signed/unsigned mismatch
C:\Users\infer\Desktop\Github2\VisCanvas2.0\OpenGL_on_a_Windows_Form\MonotoneBooleanChains.cpp(370,21): warning C4018: '<': signed/unsigned mismatch
C:\Users\infer\Desktop\Github2\VisCanvas2.0\OpenGL_on_a_Windows_Form\MonotoneBooleanChains.cpp(380,21): warning C4018: '<': signed/unsigned mismatch
C:\Users\infer\Desktop\Github2\VisCanvas2.0\OpenGL_on_a_Windows_Form\MonotoneBooleanChains.cpp(423,20): warning C4018: '<': signed/unsigned mismatch
C:\Users\infer\Desktop\Github2\VisCanvas2.0\OpenGL_on_a_Windows_Form\MonotoneBooleanChains.cpp(448,21): warning C4018: '<': signed/unsigned mismatch
C:\Users\infer\Desktop\Github2\VisCanvas2.0\OpenGL_on_a_Windows_Form\MonotoneBooleanChains.cpp(459,23): warning C4018: '<=': signed/unsigned mismatch
C:\Users\infer\Desktop\Github2\VisCanvas2.0\OpenGL_on_a_Windows_Form\MonotoneBooleanChains.cpp(468,25): warning C4018: '<': signed/unsigned mismatch
C:\Users\infer\Desktop\Github2\VisCanvas2.0\OpenGL_on_a_Windows_Form\MonotoneBooleanChains.cpp(496,21): warning C4018: '<': signed/unsigned mismatch
C:\Users\infer\Desktop\Github2\VisCanvas2.0\OpenGL_on_a_Windows_Form\MonotoneBooleanChains.cpp(516,25): warning C4018: '<': signed/unsigned mismatch
  NominalColorPicker.cpp
  Generating Code...
C:\Users\infer\Desktop\Github2\VisCanvas2.0\OpenGL_on_a_Windows_Form\MonotoneBooleanChains.cpp(241): warning C4715: 'MonotoneBooleanChains::getNextLink': not all control paths return a value
C:\Users\infer\Desktop\Github2\VisCanvas2.0\OpenGL_on_a_Windows_Form\OpenGL.h(127): warning C4715: 'OpenGLForm::COpenGL::SetFilePath': not all control paths return a value
C:\Users\infer\Desktop\Github2\VisCanvas2.0\OpenGL_on_a_Windows_Form\DataInterface.cpp(242): warning C4715: 'DataInterface::saveToFile': not all control paths return a value
C:\Users\infer\Desktop\Github2\VisCanvas2.0\OpenGL_on_a_Windows_Form\VisCanvas.h(2779): warning C4700: uninitialized local variable 'editedAttributes' used
C:\Users\infer\Desktop\Github2\VisCanvas2.0\OpenGL_on_a_Windows_Form\OpenGL.h(127): warning C4715: 'OpenGLForm::COpenGL::SetFilePath': not all control paths return a value
  Compiling...
  NominalGrouping.cpp
C:\Users\infer\Desktop\Github2\VisCanvas2.0\OpenGL_on_a_Windows_Form\NominalGrouping.cpp(14,20): warning C4018: '<': signed/unsigned mismatch
C:\Users\infer\Desktop\Github2\VisCanvas2.0\OpenGL_on_a_Windows_Form\NominalGrouping.cpp(83,20): warning C4018: '<': signed/unsigned mismatch
C:\Users\infer\Desktop\Github2\VisCanvas2.0\OpenGL_on_a_Windows_Form\NominalGrouping.cpp(86,18): warning C4018: '>': signed/unsigned mismatch
C:\Users\infer\Desktop\Github2\VisCanvas2.0\OpenGL_on_a_Windows_Form\NominalGrouping.cpp(93,20): warning C4018: '<': signed/unsigned mismatch
C:\Users\infer\Desktop\Github2\VisCanvas2.0\OpenGL_on_a_Windows_Form\NominalGrouping.cpp(96,18): warning C4018: '<': signed/unsigned mismatch
  NominalSubgroupBuilder.cpp
C:\Users\infer\Desktop\Github2\VisCanvas2.0\OpenGL_on_a_Windows_Form\NominalSubgroupBuilder.cpp(15,21): warning C4018: '<': signed/unsigned mismatch
C:\Users\infer\Desktop\Github2\VisCanvas2.0\OpenGL_on_a_Windows_Form\NominalSubgroupBuilder.cpp(42,21): warning C4018: '<': signed/unsigned mismatch
C:\Users\infer\Desktop\Github2\VisCanvas2.0\OpenGL_on_a_Windows_Form\NominalSubgroupBuilder.cpp(48,21): warning C4018: '<': signed/unsigned mismatch
C:\Users\infer\Desktop\Github2\VisCanvas2.0\OpenGL_on_a_Windows_Form\NominalSubgroupBuilder.cpp(63,23): warning C4018: '<': signed/unsigned mismatch
C:\Users\infer\Desktop\Github2\VisCanvas2.0\OpenGL_on_a_Windows_Form\NominalSubgroupBuilder.cpp(120,20): warning C4018: '<': signed/unsigned mismatch
C:\Users\infer\Desktop\Github2\VisCanvas2.0\OpenGL_on_a_Windows_Form\NominalSubgroupBuilder.cpp(123,21): warning C4018: '<': signed/unsigned mismatch
C:\Users\infer\Desktop\Github2\VisCanvas2.0\OpenGL_on_a_Windows_Form\NominalSubgroupBuilder.cpp(207,20): warning C4018: '<': signed/unsigned mismatch
  NonMonotonicSelector.cpp
C:\Users\infer\Desktop\Github2\VisCanvas2.0\OpenGL_on_a_Windows_Form\NonMonotonicSelector.cpp(28,20): warning C4018: '<': signed/unsigned mismatch
  NSGGroupAssingment.cpp
C:\Users\infer\Desktop\Github2\VisCanvas2.0\OpenGL_on_a_Windows_Form\NSGGroupAssingment.cpp(15,20): warning C4018: '<': signed/unsigned mismatch
C:\Users\infer\Desktop\Github2\VisCanvas2.0\OpenGL_on_a_Windows_Form\NSGGroupAssingment.cpp(67,21): warning C4018: '<': signed/unsigned mismatch
C:\Users\infer\Desktop\Github2\VisCanvas2.0\OpenGL_on_a_Windows_Form\NSGGroupAssingment.cpp(82,22): warning C4018: '<': signed/unsigned mismatch
C:\Users\infer\Desktop\Github2\VisCanvas2.0\OpenGL_on_a_Windows_Form\NSGGroupAssingment.cpp(86,24): warning C4018: '<': signed/unsigned mismatch
C:\Users\infer\Desktop\Github2\VisCanvas2.0\OpenGL_on_a_Windows_Form\NSGGroupAssingment.cpp(99,22): warning C4018: '<': signed/unsigned mismatch
C:\Users\infer\Desktop\Github2\VisCanvas2.0\OpenGL_on_a_Windows_Form\NSGGroupAssingment.cpp(105,24): warning C4018: '<': signed/unsigned mismatch
C:\Users\infer\Desktop\Github2\VisCanvas2.0\OpenGL_on_a_Windows_Form\NSGGroupAssingment.cpp(110,26): warning C4018: '<': signed/unsigned mismatch
  OpenGL.cpp
C:\Users\infer\Desktop\Github2\VisCanvas2.0\OpenGL_on_a_Windows_Form\LoadingScreen.h(24,22): warning C4996: 'localtime': This function or variable may be unsafe. Consider using localtime_s instead. To disable deprecation, use _CRT_SECURE_NO_WARNINGS. See online help for details.
C:\Users\infer\Desktop\Github2\VisCanvas2.0\OpenGL_on_a_Windows_Form\LoadingScreen.h(113,20): warning C4996: 'localtime': This function or variable may be unsafe. Consider using localtime_s instead. To disable deprecation, use _CRT_SECURE_NO_WARNINGS. See online help for details.
C:\Users\infer\Desktop\Github2\VisCanvas2.0\OpenGL_on_a_Windows_Form\OpenGL.h(1329,23): warning C4018: '<': signed/unsigned mismatch
C:\Users\infer\Desktop\Github2\VisCanvas2.0\OpenGL_on_a_Windows_Form\OpenGL.h(1392,25): warning C4018: '<': signed/unsigned mismatch
C:\Users\infer\Desktop\Github2\VisCanvas2.0\OpenGL_on_a_Windows_Form\OpenGL.h(1454,25): warning C4018: '<': signed/unsigned mismatch
C:\Users\infer\Desktop\Github2\VisCanvas2.0\OpenGL_on_a_Windows_Form\OpenGL.h(1477,25): warning C4018: '<': signed/unsigned mismatch
C:\Users\infer\Desktop\Github2\VisCanvas2.0\OpenGL_on_a_Windows_Form\OpenGL.h(1603,24): warning C4018: '<': signed/unsigned mismatch
C:\Users\infer\Desktop\Github2\VisCanvas2.0\OpenGL_on_a_Windows_Form\OpenGL.h(1821,23): warning C4018: '<': signed/unsigned mismatch
C:\Users\infer\Desktop\Github2\VisCanvas2.0\OpenGL_on_a_Windows_Form\OpenGL.h(1831,1): warning C4305: 'argument': truncation from 'double' to 'GLfloat'
C:\Users\infer\Desktop\Github2\VisCanvas2.0\OpenGL_on_a_Windows_Form\OpenGL.h(1831,60): warning C4244: 'argument': conversion from 'double' to 'GLfloat', possible loss of data
C:\Users\infer\Desktop\Github2\VisCanvas2.0\OpenGL_on_a_Windows_Form\OpenGL.h(1831,43): warning C4244: 'argument': conversion from 'double' to 'GLfloat', possible loss of data
C:\Users\infer\Desktop\Github2\VisCanvas2.0\OpenGL_on_a_Windows_Form\OpenGL.h(1831,26): warning C4244: 'argument': conversion from 'double' to 'GLfloat', possible loss of data
C:\Users\infer\Desktop\Github2\VisCanvas2.0\OpenGL_on_a_Windows_Form\OpenGL.h(2104,25): warning C4018: '<': signed/unsigned mismatch
C:\Users\infer\Desktop\Github2\VisCanvas2.0\OpenGL_on_a_Windows_Form\OpenGL.h(2152,24): warning C4018: '<': signed/unsigned mismatch
C:\Users\infer\Desktop\Github2\VisCanvas2.0\OpenGL_on_a_Windows_Form\OpenGL.h(2171,22): warning C4018: '<': signed/unsigned mismatch
C:\Users\infer\Desktop\Github2\VisCanvas2.0\OpenGL_on_a_Windows_Form\OpenGL.h(2414,25): warning C4018: '<': signed/unsigned mismatch
C:\Users\infer\Desktop\Github2\VisCanvas2.0\OpenGL_on_a_Windows_Form\OpenGL.h(2423,25): warning C4018: '<': signed/unsigned mismatch
C:\Users\infer\Desktop\Github2\VisCanvas2.0\OpenGL_on_a_Windows_Form\OpenGL.h(2435,26): warning C4018: '<': signed/unsigned mismatch
C:\Users\infer\Desktop\Github2\VisCanvas2.0\OpenGL_on_a_Windows_Form\OpenGL.h(2446,14): warning C4018: '>=': signed/unsigned mismatch
C:\Users\infer\Desktop\Github2\VisCanvas2.0\OpenGL_on_a_Windows_Form\OpenGL.h(2592,25): warning C4018: '<': signed/unsigned mismatch
C:\Users\infer\Desktop\Github2\VisCanvas2.0\OpenGL_on_a_Windows_Form\OpenGL.h(2615,24): warning C4018: '<': signed/unsigned mismatch
C:\Users\infer\Desktop\Github2\VisCanvas2.0\OpenGL_on_a_Windows_Form\OpenGL.h(2624,19): warning C4244: 'argument': conversion from 'double' to 'GLfloat', possible loss of data
C:\Users\infer\Desktop\Github2\VisCanvas2.0\OpenGL_on_a_Windows_Form\OpenGL.h(2702,25): warning C4018: '<': signed/unsigned mismatch
C:\Users\infer\Desktop\Github2\VisCanvas2.0\OpenGL_on_a_Windows_Form\OpenGL.h(2725,24): warning C4018: '<': signed/unsigned mismatch
C:\Users\infer\Desktop\Github2\VisCanvas2.0\OpenGL_on_a_Windows_Form\OpenGL.h(2733,19): warning C4244: 'argument': conversion from 'double' to 'GLfloat', possible loss of data
C:\Users\infer\Desktop\Github2\VisCanvas2.0\OpenGL_on_a_Windows_Form\OpenGL.cpp(86,31): warning C4244: 'argument': conversion from 'double' to '_Ty', possible loss of data
          with
          [
              _Ty=float
          ]
C:\Users\infer\Desktop\Github2\VisCanvas2.0\OpenGL_on_a_Windows_Form\OpenGL.cpp(93,20): warning C4018: '<': signed/unsigned mismatch
C:\Users\infer\Desktop\Github2\VisCanvas2.0\OpenGL_on_a_Windows_Form\OpenGL.cpp(102,21): warning C4018: '<': signed/unsigned mismatch
  OrderScheme.cpp
C:\Users\infer\Desktop\Github2\VisCanvas2.0\OpenGL_on_a_Windows_Form\OrderScheme.cpp(154,20): warning C4018: '<': signed/unsigned mismatch
C:\Users\infer\Desktop\Github2\VisCanvas2.0\OpenGL_on_a_Windows_Form\OrderScheme.cpp(175,20): warning C4018: '<': signed/unsigned mismatch
C:\Users\infer\Desktop\Github2\VisCanvas2.0\OpenGL_on_a_Windows_Form\OrderScheme.cpp(186,20): warning C4018: '<': signed/unsigned mismatch
C:\Users\infer\Desktop\Github2\VisCanvas2.0\OpenGL_on_a_Windows_Form\OrderScheme.cpp(212,20): warning C4018: '<': signed/unsigned mismatch
C:\Users\infer\Desktop\Github2\VisCanvas2.0\OpenGL_on_a_Windows_Form\OrderScheme.cpp(215,18): warning C4018: '>': signed/unsigned mismatch
C:\Users\infer\Desktop\Github2\VisCanvas2.0\OpenGL_on_a_Windows_Form\OrderScheme.cpp(222,20): warning C4018: '<': signed/unsigned mismatch
C:\Users\infer\Desktop\Github2\VisCanvas2.0\OpenGL_on_a_Windows_Form\OrderScheme.cpp(225,18): warning C4018: '<': signed/unsigned mismatch
C:\Users\infer\Desktop\Github2\VisCanvas2.0\OpenGL_on_a_Windows_Form\OrderScheme.cpp(249,20): warning C4018: '<': signed/unsigned mismatch
C:\Users\infer\Desktop\Github2\VisCanvas2.0\OpenGL_on_a_Windows_Form\OrderScheme.cpp(276,20): warning C4018: '<': signed/unsigned mismatch
C:\Users\infer\Desktop\Github2\VisCanvas2.0\OpenGL_on_a_Windows_Form\OrderScheme.cpp(302,20): warning C4018: '<': signed/unsigned mismatch
C:\Users\infer\Desktop\Github2\VisCanvas2.0\OpenGL_on_a_Windows_Form\OrderScheme.cpp(330,20): warning C4018: '<': signed/unsigned mismatch
C:\Users\infer\Desktop\Github2\VisCanvas2.0\OpenGL_on_a_Windows_Form\OrderScheme.cpp(358,20): warning C4018: '<': signed/unsigned mismatch
  OrdinalGrouping.cpp
C:\Users\infer\Desktop\Github2\VisCanvas2.0\OpenGL_on_a_Windows_Form\OrdinalGrouping.cpp(14,20): warning C4018: '<': signed/unsigned mismatch
  pch.cpp
  RatioGroupStarting.cpp
  RatioGrouping.cpp
C:\Users\infer\Desktop\Github2\VisCanvas2.0\OpenGL_on_a_Windows_Form\RatioGrouping.cpp(31,20): warning C4018: '<': signed/unsigned mismatch
  Scheme.cpp
  SchemeEditor.cpp
  SetCluster.cpp
C:\Users\infer\Desktop\Github2\VisCanvas2.0\OpenGL_on_a_Windows_Form\SetCluster.cpp(45,20): warning C4018: '<': signed/unsigned mismatch
C:\Users\infer\Desktop\Github2\VisCanvas2.0\OpenGL_on_a_Windows_Form\SetCluster.cpp(66,20): warning C4018: '<': signed/unsigned mismatch
C:\Users\infer\Desktop\Github2\VisCanvas2.0\OpenGL_on_a_Windows_Form\SetCluster.cpp(92,20): warning C4018: '<': signed/unsigned mismatch
C:\Users\infer\Desktop\Github2\VisCanvas2.0\OpenGL_on_a_Windows_Form\SetCluster.cpp(111,20): warning C4018: '<': signed/unsigned mismatch
C:\Users\infer\Desktop\Github2\VisCanvas2.0\OpenGL_on_a_Windows_Form\SetCluster.cpp(129,20): warning C4018: '<': signed/unsigned mismatch
C:\Users\infer\Desktop\Github2\VisCanvas2.0\OpenGL_on_a_Windows_Form\SetCluster.cpp(160,20): warning C4018: '<': signed/unsigned mismatch
C:\Users\infer\Desktop\Github2\VisCanvas2.0\OpenGL_on_a_Windows_Form\SetCluster.cpp(173,20): warning C4018: '<': signed/unsigned mismatch
C:\Users\infer\Desktop\Github2\VisCanvas2.0\OpenGL_on_a_Windows_Form\SetCluster.cpp(186,20): warning C4018: '<': signed/unsigned mismatch
C:\Users\infer\Desktop\Github2\VisCanvas2.0\OpenGL_on_a_Windows_Form\SetCluster.cpp(202,27): warning C4018: '>=': signed/unsigned mismatch
C:\Users\infer\Desktop\Github2\VisCanvas2.0\OpenGL_on_a_Windows_Form\SetCluster.cpp(213,21): warning C4018: '>=': signed/unsigned mismatch
C:\Users\infer\Desktop\Github2\VisCanvas2.0\OpenGL_on_a_Windows_Form\SetCluster.cpp(221,21): warning C4018: '>=': signed/unsigned mismatch
C:\Users\infer\Desktop\Github2\VisCanvas2.0\OpenGL_on_a_Windows_Form\SetCluster.cpp(233,21): warning C4018: '>=': signed/unsigned mismatch
C:\Users\infer\Desktop\Github2\VisCanvas2.0\OpenGL_on_a_Windows_Form\SetCluster.cpp(262,21): warning C4018: '<': signed/unsigned mismatch
C:\Users\infer\Desktop\Github2\VisCanvas2.0\OpenGL_on_a_Windows_Form\SetCluster.cpp(280,32): warning C4018: '>=': signed/unsigned mismatch
C:\Users\infer\Desktop\Github2\VisCanvas2.0\OpenGL_on_a_Windows_Form\SetCluster.cpp(294,23): warning C4018: '>=': signed/unsigned mismatch
C:\Users\infer\Desktop\Github2\VisCanvas2.0\OpenGL_on_a_Windows_Form\SetCluster.cpp(294,64): warning C4018: '>=': signed/unsigned mismatch
  Settings.cpp
C:\Users\infer\Desktop\Github2\VisCanvas2.0\OpenGL_on_a_Windows_Form\OpenGL.h(1329,23): warning C4018: '<': signed/unsigned mismatch
C:\Users\infer\Desktop\Github2\VisCanvas2.0\OpenGL_on_a_Windows_Form\OpenGL.h(1392,25): warning C4018: '<': signed/unsigned mismatch
C:\Users\infer\Desktop\Github2\VisCanvas2.0\OpenGL_on_a_Windows_Form\OpenGL.h(1454,25): warning C4018: '<': signed/unsigned mismatch
C:\Users\infer\Desktop\Github2\VisCanvas2.0\OpenGL_on_a_Windows_Form\OpenGL.h(1477,25): warning C4018: '<': signed/unsigned mismatch
C:\Users\infer\Desktop\Github2\VisCanvas2.0\OpenGL_on_a_Windows_Form\OpenGL.h(1603,24): warning C4018: '<': signed/unsigned mismatch
C:\Users\infer\Desktop\Github2\VisCanvas2.0\OpenGL_on_a_Windows_Form\OpenGL.h(1821,23): warning C4018: '<': signed/unsigned mismatch
C:\Users\infer\Desktop\Github2\VisCanvas2.0\OpenGL_on_a_Windows_Form\OpenGL.h(1831,1): warning C4305: 'argument': truncation from 'double' to 'GLfloat'
C:\Users\infer\Desktop\Github2\VisCanvas2.0\OpenGL_on_a_Windows_Form\OpenGL.h(1831,60): warning C4244: 'argument': conversion from 'double' to 'GLfloat', possible loss of data
C:\Users\infer\Desktop\Github2\VisCanvas2.0\OpenGL_on_a_Windows_Form\OpenGL.h(1831,43): warning C4244: 'argument': conversion from 'double' to 'GLfloat', possible loss of data
C:\Users\infer\Desktop\Github2\VisCanvas2.0\OpenGL_on_a_Windows_Form\OpenGL.h(1831,26): warning C4244: 'argument': conversion from 'double' to 'GLfloat', possible loss of data
C:\Users\infer\Desktop\Github2\VisCanvas2.0\OpenGL_on_a_Windows_Form\OpenGL.h(2104,25): warning C4018: '<': signed/unsigned mismatch
C:\Users\infer\Desktop\Github2\VisCanvas2.0\OpenGL_on_a_Windows_Form\OpenGL.h(2152,24): warning C4018: '<': signed/unsigned mismatch
C:\Users\infer\Desktop\Github2\VisCanvas2.0\OpenGL_on_a_Windows_Form\OpenGL.h(2171,22): warning C4018: '<': signed/unsigned mismatch
C:\Users\infer\Desktop\Github2\VisCanvas2.0\OpenGL_on_a_Windows_Form\OpenGL.h(2414,25): warning C4018: '<': signed/unsigned mismatch
C:\Users\infer\Desktop\Github2\VisCanvas2.0\OpenGL_on_a_Windows_Form\OpenGL.h(2423,25): warning C4018: '<': signed/unsigned mismatch
C:\Users\infer\Desktop\Github2\VisCanvas2.0\OpenGL_on_a_Windows_Form\OpenGL.h(2435,26): warning C4018: '<': signed/unsigned mismatch
C:\Users\infer\Desktop\Github2\VisCanvas2.0\OpenGL_on_a_Windows_Form\OpenGL.h(2446,14): warning C4018: '>=': signed/unsigned mismatch
C:\Users\infer\Desktop\Github2\VisCanvas2.0\OpenGL_on_a_Windows_Form\OpenGL.h(2592,25): warning C4018: '<': signed/unsigned mismatch
C:\Users\infer\Desktop\Github2\VisCanvas2.0\OpenGL_on_a_Windows_Form\OpenGL.h(2615,24): warning C4018: '<': signed/unsigned mismatch
C:\Users\infer\Desktop\Github2\VisCanvas2.0\OpenGL_on_a_Windows_Form\OpenGL.h(2624,19): warning C4244: 'argument': conversion from 'double' to 'GLfloat', possible loss of data
C:\Users\infer\Desktop\Github2\VisCanvas2.0\OpenGL_on_a_Windows_Form\OpenGL.h(2702,25): warning C4018: '<': signed/unsigned mismatch
C:\Users\infer\Desktop\Github2\VisCanvas2.0\OpenGL_on_a_Windows_Form\OpenGL.h(2725,24): warning C4018: '<': signed/unsigned mismatch
C:\Users\infer\Desktop\Github2\VisCanvas2.0\OpenGL_on_a_Windows_Form\OpenGL.h(2733,19): warning C4244: 'argument': conversion from 'double' to 'GLfloat', possible loss of data
C:\Users\infer\Desktop\Github2\VisCanvas2.0\OpenGL_on_a_Windows_Form\Settings.h(1806,24): warning C4018: '<': signed/unsigned mismatch
C:\Users\infer\Desktop\Github2\VisCanvas2.0\OpenGL_on_a_Windows_Form\Settings.h(1841,22): warning C4018: '<': signed/unsigned mismatch
C:\Users\infer\Desktop\Github2\VisCanvas2.0\OpenGL_on_a_Windows_Form\Settings.h(1880,22): warning C4018: '<': signed/unsigned mismatch
C:\Users\infer\Desktop\Github2\VisCanvas2.0\OpenGL_on_a_Windows_Form\Settings.h(2269,22): warning C4018: '<': signed/unsigned mismatch
  VisCanvas.cpp
C:\Users\infer\Desktop\Github2\VisCanvas2.0\OpenGL_on_a_Windows_Form\OpenGL.h(1329,23): warning C4018: '<': signed/unsigned mismatch
C:\Users\infer\Desktop\Github2\VisCanvas2.0\OpenGL_on_a_Windows_Form\OpenGL.h(1392,25): warning C4018: '<': signed/unsigned mismatch
C:\Users\infer\Desktop\Github2\VisCanvas2.0\OpenGL_on_a_Windows_Form\OpenGL.h(1454,25): warning C4018: '<': signed/unsigned mismatch
C:\Users\infer\Desktop\Github2\VisCanvas2.0\OpenGL_on_a_Windows_Form\OpenGL.h(1477,25): warning C4018: '<': signed/unsigned mismatch
C:\Users\infer\Desktop\Github2\VisCanvas2.0\OpenGL_on_a_Windows_Form\OpenGL.h(1603,24): warning C4018: '<': signed/unsigned mismatch
C:\Users\infer\Desktop\Github2\VisCanvas2.0\OpenGL_on_a_Windows_Form\OpenGL.h(1821,23): warning C4018: '<': signed/unsigned mismatch
C:\Users\infer\Desktop\Github2\VisCanvas2.0\OpenGL_on_a_Windows_Form\OpenGL.h(1831,1): warning C4305: 'argument': truncation from 'double' to 'GLfloat'
C:\Users\infer\Desktop\Github2\VisCanvas2.0\OpenGL_on_a_Windows_Form\OpenGL.h(1831,60): warning C4244: 'argument': conversion from 'double' to 'GLfloat', possible loss of data
C:\Users\infer\Desktop\Github2\VisCanvas2.0\OpenGL_on_a_Windows_Form\OpenGL.h(1831,43): warning C4244: 'argument': conversion from 'double' to 'GLfloat', possible loss of data
C:\Users\infer\Desktop\Github2\VisCanvas2.0\OpenGL_on_a_Windows_Form\OpenGL.h(1831,26): warning C4244: 'argument': conversion from 'double' to 'GLfloat', possible loss of data
C:\Users\infer\Desktop\Github2\VisCanvas2.0\OpenGL_on_a_Windows_Form\OpenGL.h(2104,25): warning C4018: '<': signed/unsigned mismatch
C:\Users\infer\Desktop\Github2\VisCanvas2.0\OpenGL_on_a_Windows_Form\OpenGL.h(2152,24): warning C4018: '<': signed/unsigned mismatch
C:\Users\infer\Desktop\Github2\VisCanvas2.0\OpenGL_on_a_Windows_Form\OpenGL.h(2171,22): warning C4018: '<': signed/unsigned mismatch
C:\Users\infer\Desktop\Github2\VisCanvas2.0\OpenGL_on_a_Windows_Form\OpenGL.h(2414,25): warning C4018: '<': signed/unsigned mismatch
C:\Users\infer\Desktop\Github2\VisCanvas2.0\OpenGL_on_a_Windows_Form\OpenGL.h(2423,25): warning C4018: '<': signed/unsigned mismatch
C:\Users\infer\Desktop\Github2\VisCanvas2.0\OpenGL_on_a_Windows_Form\OpenGL.h(2435,26): warning C4018: '<': signed/unsigned mismatch
C:\Users\infer\Desktop\Github2\VisCanvas2.0\OpenGL_on_a_Windows_Form\OpenGL.h(2446,14): warning C4018: '>=': signed/unsigned mismatch
C:\Users\infer\Desktop\Github2\VisCanvas2.0\OpenGL_on_a_Windows_Form\OpenGL.h(2592,25): warning C4018: '<': signed/unsigned mismatch
C:\Users\infer\Desktop\Github2\VisCanvas2.0\OpenGL_on_a_Windows_Form\OpenGL.h(2615,24): warning C4018: '<': signed/unsigned mismatch
C:\Users\infer\Desktop\Github2\VisCanvas2.0\OpenGL_on_a_Windows_Form\OpenGL.h(2624,19): warning C4244: 'argument': conversion from 'double' to 'GLfloat', possible loss of data
C:\Users\infer\Desktop\Github2\VisCanvas2.0\OpenGL_on_a_Windows_Form\OpenGL.h(2702,25): warning C4018: '<': signed/unsigned mismatch
C:\Users\infer\Desktop\Github2\VisCanvas2.0\OpenGL_on_a_Windows_Form\OpenGL.h(2725,24): warning C4018: '<': signed/unsigned mismatch
C:\Users\infer\Desktop\Github2\VisCanvas2.0\OpenGL_on_a_Windows_Form\OpenGL.h(2733,19): warning C4244: 'argument': conversion from 'double' to 'GLfloat', possible loss of data
C:\Users\infer\Desktop\Github2\VisCanvas2.0\OpenGL_on_a_Windows_Form\Settings.h(1806,24): warning C4018: '<': signed/unsigned mismatch
C:\Users\infer\Desktop\Github2\VisCanvas2.0\OpenGL_on_a_Windows_Form\Settings.h(1841,22): warning C4018: '<': signed/unsigned mismatch
C:\Users\infer\Desktop\Github2\VisCanvas2.0\OpenGL_on_a_Windows_Form\Settings.h(1880,22): warning C4018: '<': signed/unsigned mismatch
C:\Users\infer\Desktop\Github2\VisCanvas2.0\OpenGL_on_a_Windows_Form\Settings.h(2269,22): warning C4018: '<': signed/unsigned mismatch
C:\Users\infer\Desktop\Github2\VisCanvas2.0\OpenGL_on_a_Windows_Form\Subsets.h(232,22): warning C4018: '<': signed/unsigned mismatch
C:\Users\infer\Desktop\Github2\VisCanvas2.0\OpenGL_on_a_Windows_Form\Subsets.h(251,23): warning C4018: '<': signed/unsigned mismatch
C:\Users\infer\Desktop\Github2\VisCanvas2.0\OpenGL_on_a_Windows_Form\Subsets.h(281,23): warning C4018: '<': signed/unsigned mismatch
C:\Users\infer\Desktop\Github2\VisCanvas2.0\OpenGL_on_a_Windows_Form\Subsets.h(296,23): warning C4018: '<': signed/unsigned mismatch
C:\Users\infer\Desktop\Github2\VisCanvas2.0\OpenGL_on_a_Windows_Form\NonMonotonicChoice.h(152,22): warning C4018: '<': signed/unsigned mismatch
C:\Users\infer\Desktop\Github2\VisCanvas2.0\OpenGL_on_a_Windows_Form\NonMonotonicChoice.h(200,21): warning C4018: '<': signed/unsigned mismatch
C:\Users\infer\Desktop\Github2\VisCanvas2.0\OpenGL_on_a_Windows_Form\VisCanvas.h(1796,22): warning C4018: '<': signed/unsigned mismatch
C:\Users\infer\Desktop\Github2\VisCanvas2.0\OpenGL_on_a_Windows_Form\VisCanvas.h(1846,22): warning C4018: '<': signed/unsigned mismatch
C:\Users\infer\Desktop\Github2\VisCanvas2.0\OpenGL_on_a_Windows_Form\VisCanvas.h(2714,21): warning C4018: '<': signed/unsigned mismatch
C:\Users\infer\Desktop\Github2\VisCanvas2.0\OpenGL_on_a_Windows_Form\VisCanvas.h(2726,23): warning C4018: '<': signed/unsigned mismatch
C:\Users\infer\Desktop\Github2\VisCanvas2.0\OpenGL_on_a_Windows_Form\VisCanvas.h(2756,24): warning C4018: '<': signed/unsigned mismatch
C:\Users\infer\Desktop\Github2\VisCanvas2.0\OpenGL_on_a_Windows_Form\VisCanvas.h(2761,11): warning C4804: '<': unsafe use of type 'bool' in operation
C:\Users\infer\Desktop\Github2\VisCanvas2.0\OpenGL_on_a_Windows_Form\VisCanvas.h(2765,16): warning C4804: '>': unsafe use of type 'bool' in operation
C:\Users\infer\Desktop\Github2\VisCanvas2.0\OpenGL_on_a_Windows_Form\VisCanvas.h(2779,25): warning C4018: '<': signed/unsigned mismatch
C:\Users\infer\Desktop\Github2\VisCanvas2.0\OpenGL_on_a_Windows_Form\VisCanvas.h(2812,24): warning C4018: '<': signed/unsigned mismatch
  VisCanvasHelp.cpp
  Generating Code...
C:\Users\infer\Desktop\Github2\VisCanvas2.0\OpenGL_on_a_Windows_Form\OpenGL.h(127): warning C4715: 'OpenGLForm::COpenGL::SetFilePath': not all control paths return a value
C:\Users\infer\Desktop\Github2\VisCanvas2.0\OpenGL_on_a_Windows_Form\VisCanvas.h(2779): warning C4700: uninitialized local variable 'editedAttributes' used
C:\Users\infer\Desktop\Github2\VisCanvas2.0\OpenGL_on_a_Windows_Form\OpenGL.h(127): warning C4715: 'OpenGLForm::COpenGL::SetFilePath': not all control paths return a value
C:\Users\infer\Desktop\Github2\VisCanvas2.0\OpenGL_on_a_Windows_Form\OpenGL.h(127): warning C4715: 'OpenGLForm::COpenGL::SetFilePath': not all control paths return a value
  .NETFramework,Version=v4.0.AssemblyAttributes.cpp
  LINK : /LTCG specified but no code generation required; remove /LTCG from the link command line to improve linker performance
  OpenGL_on_a_Windows_Form.vcxproj -> C:\Users\infer\Desktop\Github2\VisCanvas2.0\Release\VisCanvas.exe
